#
# There is insufficient memory for the Java Runtime Environment to continue.
# Native memory allocation (malloc) failed to allocate 65552 bytes for Chunk::new
# Possible reasons:
#   The system is out of physical RAM or swap space
#   The process is running with CompressedOops enabled, and the Java Heap may be blocking the growth of the native heap
# Possible solutions:
#   Reduce memory load on the system
#   Increase physical memory or swap space
#   Check if swap backing store is full
#   Decrease Java heap size (-Xmx/-Xms)
#   Decrease number of Java threads
#   Decrease Java thread stack sizes (-Xss)
#   Set larger code cache with -XX:ReservedCodeCacheSize=
#   JVM is running with Unscaled Compressed Oops mode in which the Java heap is
#     placed in the first 4GB address space. The Java Heap base address is the
#     maximum limit for the native heap growth. Please use -XX:HeapBaseMinAddress
#     to set the Java Heap base and to place the Java Heap above 4GB virtual address.
# This output file may be truncated or incomplete.
#
#  Out of Memory Error (./src/hotspot/share/memory/arena.cpp:197), pid=1032, tid=14252
#
# JRE version: OpenJDK Runtime Environment (11.0.11+9) (build 11.0.11+9-b60-7590822)
# Java VM: OpenJDK 64-Bit Server VM (11.0.11+9-b60-7590822, mixed mode, tiered, compressed oops, g1 gc, windows-amd64)
# No core dump will be written. Minidumps are not enabled by default on client versions of Windows
#

---------------  S U M M A R Y ------------

Command Line: --add-opens=java.base/java.util=ALL-UNNAMED --add-opens=java.base/java.lang=ALL-UNNAMED --add-opens=java.base/java.lang.invoke=ALL-UNNAMED --add-opens=java.base/java.util=ALL-UNNAMED --add-opens=java.prefs/java.util.prefs=ALL-UNNAMED --add-opens=java.prefs/java.util.prefs=ALL-UNNAMED --add-opens=java.base/java.nio.charset=ALL-UNNAMED --add-opens=java.base/java.net=ALL-UNNAMED --add-opens=java.base/java.util.concurrent.atomic=ALL-UNNAMED -Xmx2048m -Dfile.encoding=UTF-8 -Duser.country=US -Duser.language=en -Duser.variant org.gradle.launcher.daemon.bootstrap.GradleDaemon 7.2

Host: Intel(R) Core(TM) i7-1065G7 CPU @ 1.30GHz, 8 cores, 15G,  Windows 10 , 64 bit Build 19041 (10.0.19041.1566)
Time: Mon Mar 14 20:17:53 2022 GTB Standard Time elapsed time: 6.793667 seconds (0d 0h 0m 6s)

---------------  T H R E A D  ---------------

Current thread (0x0000021b5f608800):  JavaThread "C2 CompilerThread1" daemon [_thread_in_native, id=14252, stack(0x0000003d36600000,0x0000003d36700000)]


Current CompileTask:
C2:   6793 5292 % !   4       java.util.jar.Attributes::read @ 186 (390 bytes)

Stack: [0x0000003d36600000,0x0000003d36700000]
Native frames: (J=compiled Java code, j=interpreted, Vv=VM code, C=native code)
V  [jvm.dll+0x5f214a]
V  [jvm.dll+0x726fb5]
V  [jvm.dll+0x7285cd]
V  [jvm.dll+0x728c83]
V  [jvm.dll+0x243278]
V  [jvm.dll+0xbc53c]
V  [jvm.dll+0xbca3c]
V  [jvm.dll+0xbc638]
V  [jvm.dll+0x5d14e0]
V  [jvm.dll+0x2027de]
V  [jvm.dll+0x61c744]
V  [jvm.dll+0x61c7db]
V  [jvm.dll+0x1fd34f]
V  [jvm.dll+0x1fb35f]
V  [jvm.dll+0x183d6c]
V  [jvm.dll+0x209a57]
V  [jvm.dll+0x2082a1]
V  [jvm.dll+0x6ef58f]
V  [jvm.dll+0x6e80b5]
V  [jvm.dll+0x5f1036]
C  [ucrtbase.dll+0x21bb2]
C  [KERNEL32.DLL+0x17034]
C  [ntdll.dll+0x52651]


---------------  P R O C E S S  ---------------

Threads class SMR info:
_java_thread_list=0x0000021b61fa9010, length=122, elements={
0x0000021b413fd800, 0x0000021b5c0e4000, 0x0000021b5c0ed800, 0x0000021b5c146800,
0x0000021b5c148000, 0x0000021b5c149000, 0x0000021b5c14d000, 0x0000021b5c152000,
0x0000021b5c157000, 0x0000021b5c2b8000, 0x0000021b5d504000, 0x0000021b5c5e2800,
0x0000021b5e208800, 0x0000021b5e258800, 0x0000021b5dce1000, 0x0000021b5f292000,
0x0000021b5f293000, 0x0000021b5f7d0000, 0x0000021b5d83c000, 0x0000021b5ec48000,
0x0000021b5ec48800, 0x0000021b5ec4a000, 0x0000021b5ec45800, 0x0000021b5ec4b000,
0x0000021b5ec49800, 0x0000021b5f608800, 0x0000021b5ec47000, 0x0000021b5ec4c000,
0x0000021b5ec46000, 0x0000021b5e4cf800, 0x0000021b5e4cc000, 0x0000021b5e4ca800,
0x0000021b5e4cd000, 0x0000021b5e4ce800, 0x0000021b5e4cb000, 0x0000021b5e4d0000,
0x0000021b5e4d6000, 0x0000021b5e4d2800, 0x0000021b5e4d6800, 0x0000021b5e4d3800,
0x0000021b5e4d7800, 0x0000021b5e4d8000, 0x0000021b5e4d5000, 0x0000021b5e4d4000,
0x0000021b62fee800, 0x0000021b62fee000, 0x0000021b62ff2800, 0x0000021b62ff2000,
0x0000021b62fef800, 0x0000021b62ff3800, 0x0000021b62ff4800, 0x0000021b62ff5000,
0x0000021b62ff6000, 0x0000021b62ff0800, 0x0000021b62ff7000, 0x0000021b62ff1000,
0x0000021b62ffb800, 0x0000021b62ff8800, 0x0000021b62ffc800, 0x0000021b62ff7800,
0x0000021b62ff9800, 0x0000021b62ffa000, 0x0000021b62ffb000, 0x0000021b61603800,
0x0000021b61604000, 0x0000021b61608000, 0x0000021b61605000, 0x0000021b61605800,
0x0000021b61606800, 0x0000021b61607800, 0x0000021b61602800, 0x0000021b6160b800,
0x0000021b6160c000, 0x0000021b6160d000, 0x0000021b6160e000, 0x0000021b6160e800,
0x0000021b61609000, 0x0000021b6160a800, 0x0000021b6160f800, 0x0000021b6160a000,
0x0000021b61610800, 0x0000021b61611000, 0x0000021b5eda3000, 0x0000021b5eda5000,
0x0000021b5eda4800, 0x0000021b5eda7800, 0x0000021b5eda6000, 0x0000021b5eda7000,
0x0000021b5eda3800, 0x0000021b5eda2000, 0x0000021b5edab800, 0x0000021b5edab000,
0x0000021b5edac800, 0x0000021b5eda8800, 0x0000021b5edad800, 0x0000021b5edae000,
0x0000021b5edaa000, 0x0000021b5edaf000, 0x0000021b5eda9800, 0x0000021b5edb0000,
0x0000021b5edb0800, 0x0000021b5eb57000, 0x0000021b5eb58800, 0x0000021b5eb5b000,
0x0000021b5eb59800, 0x0000021b5eb5c000, 0x0000021b5eb56000, 0x0000021b5eb57800,
0x0000021b5eb5f000, 0x0000021b5eb5e000, 0x0000021b5eb60000, 0x0000021b5eb5a000,
0x0000021b5eb62800, 0x0000021b5eb5c800, 0x0000021b5eb63000, 0x0000021b5eb5d800,
0x0000021b5eb64000, 0x0000021b5eb65000, 0x0000021b5eb60800, 0x0000021b5eb61800,
0x0000021b5d3cf800, 0x0000021b5d3d0000
}

Java Threads: ( => current thread )
  0x0000021b413fd800 JavaThread "main" [_thread_blocked, id=17564, stack(0x0000003d33e00000,0x0000003d33f00000)]
  0x0000021b5c0e4000 JavaThread "Reference Handler" daemon [_thread_blocked, id=17172, stack(0x0000003d34500000,0x0000003d34600000)]
  0x0000021b5c0ed800 JavaThread "Finalizer" daemon [_thread_blocked, id=3700, stack(0x0000003d34600000,0x0000003d34700000)]
  0x0000021b5c146800 JavaThread "Signal Dispatcher" daemon [_thread_blocked, id=14528, stack(0x0000003d34700000,0x0000003d34800000)]
  0x0000021b5c148000 JavaThread "Attach Listener" daemon [_thread_blocked, id=10164, stack(0x0000003d34800000,0x0000003d34900000)]
  0x0000021b5c149000 JavaThread "Service Thread" daemon [_thread_blocked, id=2820, stack(0x0000003d34900000,0x0000003d34a00000)]
  0x0000021b5c14d000 JavaThread "C2 CompilerThread0" daemon [_thread_in_native, id=10280, stack(0x0000003d34a00000,0x0000003d34b00000)]
  0x0000021b5c152000 JavaThread "C1 CompilerThread0" daemon [_thread_blocked, id=11432, stack(0x0000003d34b00000,0x0000003d34c00000)]
  0x0000021b5c157000 JavaThread "Sweeper thread" daemon [_thread_blocked, id=10424, stack(0x0000003d34c00000,0x0000003d34d00000)]
  0x0000021b5c2b8000 JavaThread "Common-Cleaner" daemon [_thread_blocked, id=14632, stack(0x0000003d34d00000,0x0000003d34e00000)]
  0x0000021b5d504000 JavaThread "Daemon health stats" [_thread_blocked, id=12472, stack(0x0000003d35600000,0x0000003d35700000)]
  0x0000021b5c5e2800 JavaThread "Incoming local TCP Connector on port 64550" [_thread_in_native, id=10516, stack(0x0000003d34f00000,0x0000003d35000000)]
  0x0000021b5e208800 JavaThread "Daemon periodic checks" [_thread_blocked, id=17484, stack(0x0000003d35500000,0x0000003d35600000)]
  0x0000021b5e258800 JavaThread "Daemon" [_thread_blocked, id=13872, stack(0x0000003d35700000,0x0000003d35800000)]
  0x0000021b5dce1000 JavaThread "Handler for socket connection from /127.0.0.1:64550 to /127.0.0.1:64551" [_thread_in_native, id=4364, stack(0x0000003d35800000,0x0000003d35900000)]
  0x0000021b5f292000 JavaThread "Cancel handler" [_thread_blocked, id=2908, stack(0x0000003d35900000,0x0000003d35a00000)]
  0x0000021b5f293000 JavaThread "Daemon worker" [_thread_in_Java, id=18244, stack(0x0000003d35a00000,0x0000003d35b00000)]
  0x0000021b5f7d0000 JavaThread "Asynchronous log dispatcher for DefaultDaemonConnection: socket connection from /127.0.0.1:64550 to /127.0.0.1:64551" [_thread_blocked, id=8904, stack(0x0000003d35b00000,0x0000003d35c00000)]
  0x0000021b5d83c000 JavaThread "Stdin handler" [_thread_blocked, id=16828, stack(0x0000003d35c00000,0x0000003d35d00000)]
  0x0000021b5ec48000 JavaThread "Daemon client event forwarder" [_thread_blocked, id=1396, stack(0x0000003d35d00000,0x0000003d35e00000)]
  0x0000021b5ec48800 JavaThread "Cache worker for journal cache (C:\Users\alexa\.gradle\caches\journal-1)" [_thread_blocked, id=15652, stack(0x0000003d35e00000,0x0000003d35f00000)]
  0x0000021b5ec4a000 JavaThread "File lock request listener" [_thread_in_native, id=6756, stack(0x0000003d35f00000,0x0000003d36000000)]
  0x0000021b5ec45800 JavaThread "Cache worker for file hash cache (C:\Users\alexa\.gradle\caches\7.2\fileHashes)" [_thread_blocked, id=17412, stack(0x0000003d36000000,0x0000003d36100000)]
  0x0000021b5ec4b000 JavaThread "Cache worker for file hash cache (D:\FMI\An III\HappyPet\.gradle\7.2\fileHashes)" [_thread_blocked, id=5188, stack(0x0000003d36400000,0x0000003d36500000)]
  0x0000021b5ec49800 JavaThread "File watcher server" daemon [_thread_in_native, id=6632, stack(0x0000003d36500000,0x0000003d36600000)]
=>0x0000021b5f608800 JavaThread "C2 CompilerThread1" daemon [_thread_in_native, id=14252, stack(0x0000003d36600000,0x0000003d36700000)]
  0x0000021b5ec47000 JavaThread "File watcher consumer" daemon [_thread_blocked, id=4436, stack(0x0000003d36700000,0x0000003d36800000)]
  0x0000021b5ec4c000 JavaThread "Cache worker for checksums cache (D:\FMI\An III\HappyPet\.gradle\checksums)" [_thread_blocked, id=7236, stack(0x0000003d36800000,0x0000003d36900000)]
  0x0000021b5ec46000 JavaThread "Cache worker for cache directory md-supplier (C:\Users\alexa\.gradle\caches\7.2\md-supplier)" [_thread_blocked, id=15236, stack(0x0000003d36900000,0x0000003d36a00000)]
  0x0000021b5e4cf800 JavaThread "Cache worker for cache directory md-rule (C:\Users\alexa\.gradle\caches\7.2\md-rule)" [_thread_blocked, id=15820, stack(0x0000003d36a00000,0x0000003d36b00000)]
  0x0000021b5e4cc000 JavaThread "Cache worker for execution history cache (C:\Users\alexa\.gradle\caches\7.2\executionHistory)" [_thread_blocked, id=2780, stack(0x0000003d36b00000,0x0000003d36c00000)]
  0x0000021b5e4ca800 JavaThread "jar transforms" [_thread_blocked, id=11084, stack(0x0000003d36d00000,0x0000003d36e00000)]
  0x0000021b5e4cd000 JavaThread "Cache worker for file content cache (C:\Users\alexa\.gradle\caches\7.2\fileContent)" [_thread_blocked, id=7064, stack(0x0000003d36e00000,0x0000003d36f00000)]
  0x0000021b5e4ce800 JavaThread "jar transforms Thread 2" [_thread_blocked, id=17492, stack(0x0000003d36f00000,0x0000003d37000000)]
  0x0000021b5e4cb000 JavaThread "Cache worker for dependencies-accessors (D:\FMI\An III\HappyPet\.gradle\7.2\dependencies-accessors)" [_thread_blocked, id=9136, stack(0x0000003d37000000,0x0000003d37100000)]
  0x0000021b5e4d0000 JavaThread "jar transforms Thread 3" [_thread_blocked, id=16308, stack(0x0000003d37100000,0x0000003d37200000)]
  0x0000021b5e4d6000 JavaThread "Cache worker for Build Output Cleanup Cache (D:\FMI\An III\HappyPet\.gradle\buildOutputCleanup)" [_thread_blocked, id=16480, stack(0x0000003d37200000,0x0000003d37300000)]
  0x0000021b5e4d2800 JavaThread "Unconstrained build operations" [_thread_blocked, id=15016, stack(0x0000003d37300000,0x0000003d37400000)]
  0x0000021b5e4d6800 JavaThread "Unconstrained build operations Thread 2" [_thread_blocked, id=540, stack(0x0000003d37400000,0x0000003d37500000)]
  0x0000021b5e4d3800 JavaThread "Unconstrained build operations Thread 3" [_thread_blocked, id=18108, stack(0x0000003d37500000,0x0000003d37600000)]
  0x0000021b5e4d7800 JavaThread "Unconstrained build operations Thread 4" [_thread_blocked, id=14340, stack(0x0000003d37600000,0x0000003d37700000)]
  0x0000021b5e4d8000 JavaThread "Unconstrained build operations Thread 5" [_thread_blocked, id=17140, stack(0x0000003d37700000,0x0000003d37800000)]
  0x0000021b5e4d5000 JavaThread "Unconstrained build operations Thread 6" [_thread_blocked, id=7600, stack(0x0000003d37800000,0x0000003d37900000)]
  0x0000021b5e4d4000 JavaThread "Unconstrained build operations Thread 7" [_thread_blocked, id=9432, stack(0x0000003d37900000,0x0000003d37a00000)]
  0x0000021b62fee800 JavaThread "Unconstrained build operations Thread 8" [_thread_blocked, id=11536, stack(0x0000003d37a00000,0x0000003d37b00000)]
  0x0000021b62fee000 JavaThread "Unconstrained build operations Thread 9" [_thread_blocked, id=5200, stack(0x0000003d37b00000,0x0000003d37c00000)]
  0x0000021b62ff2800 JavaThread "Unconstrained build operations Thread 10" [_thread_blocked, id=4048, stack(0x0000003d37c00000,0x0000003d37d00000)]
  0x0000021b62ff2000 JavaThread "Unconstrained build operations Thread 11" [_thread_blocked, id=15976, stack(0x0000003d37d00000,0x0000003d37e00000)]
  0x0000021b62fef800 JavaThread "Unconstrained build operations Thread 12" [_thread_blocked, id=16560, stack(0x0000003d37e00000,0x0000003d37f00000)]
  0x0000021b62ff3800 JavaThread "Unconstrained build operations Thread 13" [_thread_blocked, id=15720, stack(0x0000003d37f00000,0x0000003d38000000)]
  0x0000021b62ff4800 JavaThread "Unconstrained build operations Thread 14" [_thread_blocked, id=5388, stack(0x0000003d38000000,0x0000003d38100000)]
  0x0000021b62ff5000 JavaThread "Unconstrained build operations Thread 15" [_thread_blocked, id=1880, stack(0x0000003d38100000,0x0000003d38200000)]
  0x0000021b62ff6000 JavaThread "Unconstrained build operations Thread 16" [_thread_blocked, id=15096, stack(0x0000003d38200000,0x0000003d38300000)]
  0x0000021b62ff0800 JavaThread "Unconstrained build operations Thread 17" [_thread_blocked, id=16400, stack(0x0000003d38300000,0x0000003d38400000)]
  0x0000021b62ff7000 JavaThread "Unconstrained build operations Thread 18" [_thread_blocked, id=8160, stack(0x0000003d38400000,0x0000003d38500000)]
  0x0000021b62ff1000 JavaThread "Unconstrained build operations Thread 19" [_thread_blocked, id=10236, stack(0x0000003d38500000,0x0000003d38600000)]
  0x0000021b62ffb800 JavaThread "Unconstrained build operations Thread 20" [_thread_blocked, id=12656, stack(0x0000003d38600000,0x0000003d38700000)]
  0x0000021b62ff8800 JavaThread "Unconstrained build operations Thread 21" [_thread_blocked, id=4268, stack(0x0000003d38700000,0x0000003d38800000)]
  0x0000021b62ffc800 JavaThread "Unconstrained build operations Thread 22" [_thread_blocked, id=13080, stack(0x0000003d38800000,0x0000003d38900000)]
  0x0000021b62ff7800 JavaThread "Unconstrained build operations Thread 23" [_thread_blocked, id=17588, stack(0x0000003d38900000,0x0000003d38a00000)]
  0x0000021b62ff9800 JavaThread "Unconstrained build operations Thread 24" [_thread_blocked, id=9956, stack(0x0000003d38a00000,0x0000003d38b00000)]
  0x0000021b62ffa000 JavaThread "Unconstrained build operations Thread 25" [_thread_blocked, id=17100, stack(0x0000003d38b00000,0x0000003d38c00000)]
  0x0000021b62ffb000 JavaThread "Unconstrained build operations Thread 26" [_thread_blocked, id=17560, stack(0x0000003d38c00000,0x0000003d38d00000)]
  0x0000021b61603800 JavaThread "Unconstrained build operations Thread 27" [_thread_blocked, id=5004, stack(0x0000003d38d00000,0x0000003d38e00000)]
  0x0000021b61604000 JavaThread "Unconstrained build operations Thread 28" [_thread_blocked, id=17928, stack(0x0000003d38e00000,0x0000003d38f00000)]
  0x0000021b61608000 JavaThread "Unconstrained build operations Thread 29" [_thread_blocked, id=10256, stack(0x0000003d38f00000,0x0000003d39000000)]
  0x0000021b61605000 JavaThread "Unconstrained build operations Thread 30" [_thread_blocked, id=1696, stack(0x0000003d39000000,0x0000003d39100000)]
  0x0000021b61605800 JavaThread "Unconstrained build operations Thread 31" [_thread_blocked, id=17052, stack(0x0000003d39100000,0x0000003d39200000)]
  0x0000021b61606800 JavaThread "Unconstrained build operations Thread 32" [_thread_blocked, id=1420, stack(0x0000003d39200000,0x0000003d39300000)]
  0x0000021b61607800 JavaThread "Unconstrained build operations Thread 33" [_thread_blocked, id=12224, stack(0x0000003d39300000,0x0000003d39400000)]
  0x0000021b61602800 JavaThread "Unconstrained build operations Thread 34" [_thread_blocked, id=3016, stack(0x0000003d39400000,0x0000003d39500000)]
  0x0000021b6160b800 JavaThread "Unconstrained build operations Thread 35" [_thread_blocked, id=17752, stack(0x0000003d39500000,0x0000003d39600000)]
  0x0000021b6160c000 JavaThread "Unconstrained build operations Thread 36" [_thread_blocked, id=5428, stack(0x0000003d39600000,0x0000003d39700000)]
  0x0000021b6160d000 JavaThread "Unconstrained build operations Thread 37" [_thread_blocked, id=7800, stack(0x0000003d39700000,0x0000003d39800000)]
  0x0000021b6160e000 JavaThread "Unconstrained build operations Thread 38" [_thread_blocked, id=16752, stack(0x0000003d39800000,0x0000003d39900000)]
  0x0000021b6160e800 JavaThread "Unconstrained build operations Thread 39" [_thread_blocked, id=17920, stack(0x0000003d39900000,0x0000003d39a00000)]
  0x0000021b61609000 JavaThread "Unconstrained build operations Thread 40" [_thread_blocked, id=12556, stack(0x0000003d39a00000,0x0000003d39b00000)]
  0x0000021b6160a800 JavaThread "Unconstrained build operations Thread 41" [_thread_blocked, id=11916, stack(0x0000003d39b00000,0x0000003d39c00000)]
  0x0000021b6160f800 JavaThread "Unconstrained build operations Thread 42" [_thread_blocked, id=16700, stack(0x0000003d39c00000,0x0000003d39d00000)]
  0x0000021b6160a000 JavaThread "Unconstrained build operations Thread 43" [_thread_blocked, id=13864, stack(0x0000003d39d00000,0x0000003d39e00000)]
  0x0000021b61610800 JavaThread "Unconstrained build operations Thread 44" [_thread_blocked, id=9220, stack(0x0000003d39e00000,0x0000003d39f00000)]
  0x0000021b61611000 JavaThread "Unconstrained build operations Thread 45" [_thread_blocked, id=3212, stack(0x0000003d39f00000,0x0000003d3a000000)]
  0x0000021b5eda3000 JavaThread "Unconstrained build operations Thread 46" [_thread_blocked, id=13252, stack(0x0000003d3a000000,0x0000003d3a100000)]
  0x0000021b5eda5000 JavaThread "Unconstrained build operations Thread 47" [_thread_blocked, id=16820, stack(0x0000003d3a100000,0x0000003d3a200000)]
  0x0000021b5eda4800 JavaThread "Unconstrained build operations Thread 48" [_thread_blocked, id=17124, stack(0x0000003d3a200000,0x0000003d3a300000)]
  0x0000021b5eda7800 JavaThread "Unconstrained build operations Thread 49" [_thread_blocked, id=5712, stack(0x0000003d3a300000,0x0000003d3a400000)]
  0x0000021b5eda6000 JavaThread "Unconstrained build operations Thread 50" [_thread_blocked, id=7104, stack(0x0000003d3a400000,0x0000003d3a500000)]
  0x0000021b5eda7000 JavaThread "Unconstrained build operations Thread 51" [_thread_blocked, id=8140, stack(0x0000003d3a500000,0x0000003d3a600000)]
  0x0000021b5eda3800 JavaThread "Unconstrained build operations Thread 52" [_thread_blocked, id=14672, stack(0x0000003d3a600000,0x0000003d3a700000)]
  0x0000021b5eda2000 JavaThread "Unconstrained build operations Thread 53" [_thread_blocked, id=16768, stack(0x0000003d3a700000,0x0000003d3a800000)]
  0x0000021b5edab800 JavaThread "Unconstrained build operations Thread 54" [_thread_blocked, id=2520, stack(0x0000003d3a800000,0x0000003d3a900000)]
  0x0000021b5edab000 JavaThread "Unconstrained build operations Thread 55" [_thread_blocked, id=11540, stack(0x0000003d3a900000,0x0000003d3aa00000)]
  0x0000021b5edac800 JavaThread "Unconstrained build operations Thread 56" [_thread_blocked, id=11292, stack(0x0000003d3aa00000,0x0000003d3ab00000)]
  0x0000021b5eda8800 JavaThread "Unconstrained build operations Thread 57" [_thread_blocked, id=15948, stack(0x0000003d3ab00000,0x0000003d3ac00000)]
  0x0000021b5edad800 JavaThread "Unconstrained build operations Thread 58" [_thread_blocked, id=10348, stack(0x0000003d3ac00000,0x0000003d3ad00000)]
  0x0000021b5edae000 JavaThread "Unconstrained build operations Thread 59" [_thread_blocked, id=6792, stack(0x0000003d3ad00000,0x0000003d3ae00000)]
  0x0000021b5edaa000 JavaThread "Unconstrained build operations Thread 60" [_thread_blocked, id=15092, stack(0x0000003d3ae00000,0x0000003d3af00000)]
  0x0000021b5edaf000 JavaThread "Unconstrained build operations Thread 61" [_thread_blocked, id=16028, stack(0x0000003d3af00000,0x0000003d3b000000)]
  0x0000021b5eda9800 JavaThread "Unconstrained build operations Thread 62" [_thread_blocked, id=9012, stack(0x0000003d3b000000,0x0000003d3b100000)]
  0x0000021b5edb0000 JavaThread "Unconstrained build operations Thread 63" [_thread_blocked, id=18396, stack(0x0000003d3b100000,0x0000003d3b200000)]
  0x0000021b5edb0800 JavaThread "Unconstrained build operations Thread 64" [_thread_blocked, id=16232, stack(0x0000003d3b200000,0x0000003d3b300000)]
  0x0000021b5eb57000 JavaThread "Unconstrained build operations Thread 65" [_thread_blocked, id=9028, stack(0x0000003d3b300000,0x0000003d3b400000)]
  0x0000021b5eb58800 JavaThread "Unconstrained build operations Thread 66" [_thread_blocked, id=14604, stack(0x0000003d3b400000,0x0000003d3b500000)]
  0x0000021b5eb5b000 JavaThread "Unconstrained build operations Thread 67" [_thread_blocked, id=16064, stack(0x0000003d3b500000,0x0000003d3b600000)]
  0x0000021b5eb59800 JavaThread "Unconstrained build operations Thread 68" [_thread_blocked, id=15004, stack(0x0000003d3b600000,0x0000003d3b700000)]
  0x0000021b5eb5c000 JavaThread "Unconstrained build operations Thread 69" [_thread_blocked, id=6120, stack(0x0000003d3b700000,0x0000003d3b800000)]
  0x0000021b5eb56000 JavaThread "Unconstrained build operations Thread 70" [_thread_blocked, id=15608, stack(0x0000003d3b800000,0x0000003d3b900000)]
  0x0000021b5eb57800 JavaThread "Unconstrained build operations Thread 71" [_thread_blocked, id=4016, stack(0x0000003d3b900000,0x0000003d3ba00000)]
  0x0000021b5eb5f000 JavaThread "Unconstrained build operations Thread 72" [_thread_blocked, id=4816, stack(0x0000003d3ba00000,0x0000003d3bb00000)]
  0x0000021b5eb5e000 JavaThread "Unconstrained build operations Thread 73" [_thread_blocked, id=8696, stack(0x0000003d3bb00000,0x0000003d3bc00000)]
  0x0000021b5eb60000 JavaThread "Unconstrained build operations Thread 74" [_thread_blocked, id=16996, stack(0x0000003d3bc00000,0x0000003d3bd00000)]
  0x0000021b5eb5a000 JavaThread "Unconstrained build operations Thread 75" [_thread_blocked, id=8128, stack(0x0000003d3bd00000,0x0000003d3be00000)]
  0x0000021b5eb62800 JavaThread "Unconstrained build operations Thread 76" [_thread_blocked, id=17692, stack(0x0000003d3be00000,0x0000003d3bf00000)]
  0x0000021b5eb5c800 JavaThread "Unconstrained build operations Thread 77" [_thread_blocked, id=12432, stack(0x0000003d3bf00000,0x0000003d3c000000)]
  0x0000021b5eb63000 JavaThread "Unconstrained build operations Thread 78" [_thread_blocked, id=15868, stack(0x0000003d3c000000,0x0000003d3c100000)]
  0x0000021b5eb5d800 JavaThread "Unconstrained build operations Thread 79" [_thread_blocked, id=9076, stack(0x0000003d3c100000,0x0000003d3c200000)]
  0x0000021b5eb64000 JavaThread "Unconstrained build operations Thread 80" [_thread_blocked, id=13580, stack(0x0000003d3c200000,0x0000003d3c300000)]
  0x0000021b5eb65000 JavaThread "jar transforms Thread 4" [_thread_blocked, id=15468, stack(0x0000003d3c300000,0x0000003d3c400000)]
  0x0000021b5eb60800 JavaThread "jar transforms Thread 5" [_thread_blocked, id=18356, stack(0x0000003d3c400000,0x0000003d3c500000)]
  0x0000021b5eb61800 JavaThread "jar transforms Thread 6" [_thread_blocked, id=13816, stack(0x0000003d3c500000,0x0000003d3c600000)]
  0x0000021b5d3cf800 JavaThread "jar transforms Thread 7" [_thread_blocked, id=15260, stack(0x0000003d3c600000,0x0000003d3c700000)]
  0x0000021b5d3d0000 JavaThread "jar transforms Thread 8" [_thread_blocked, id=16144, stack(0x0000003d3c700000,0x0000003d3c800000)]

Other Threads:
  0x0000021b5c0e0000 VMThread "VM Thread" [stack: 0x0000003d34400000,0x0000003d34500000] [id=7272]
  0x0000021b5c2ec800 WatcherThread [stack: 0x0000003d34e00000,0x0000003d34f00000] [id=15168]
  0x0000021b41416800 GCTaskThread "GC Thread#0" [stack: 0x0000003d33f00000,0x0000003d34000000] [id=1148]
  0x0000021b5d371800 GCTaskThread "GC Thread#1" [stack: 0x0000003d35000000,0x0000003d35100000] [id=14208]
  0x0000021b5c9b6800 GCTaskThread "GC Thread#2" [stack: 0x0000003d35100000,0x0000003d35200000] [id=16332]
  0x0000021b5d15b000 GCTaskThread "GC Thread#3" [stack: 0x0000003d35200000,0x0000003d35300000] [id=13880]
  0x0000021b5d033800 GCTaskThread "GC Thread#4" [stack: 0x0000003d35300000,0x0000003d35400000] [id=13896]
  0x0000021b5cfb0800 GCTaskThread "GC Thread#5" [stack: 0x0000003d35400000,0x0000003d35500000] [id=16932]
  0x0000021b5fb74800 GCTaskThread "GC Thread#6" [stack: 0x0000003d36100000,0x0000003d36200000] [id=9828]
  0x0000021b5e2e3800 GCTaskThread "GC Thread#7" [stack: 0x0000003d36200000,0x0000003d36300000] [id=14696]
  0x0000021b41449800 ConcurrentGCThread "G1 Main Marker" [stack: 0x0000003d34000000,0x0000003d34100000] [id=7512]
  0x0000021b4144a800 ConcurrentGCThread "G1 Conc#0" [stack: 0x0000003d34100000,0x0000003d34200000] [id=5592]
  0x0000021b5e32f000 ConcurrentGCThread "G1 Conc#1" [stack: 0x0000003d36300000,0x0000003d36400000] [id=17980]
  0x0000021b414de000 ConcurrentGCThread "G1 Refine#0" [stack: 0x0000003d34200000,0x0000003d34300000] [id=14812]
  0x0000021b5b72c800 ConcurrentGCThread "G1 Young RemSet Sampling" [stack: 0x0000003d34300000,0x0000003d34400000] [id=7384]

Threads with active compile tasks:
C2 CompilerThread0   6835 5296       4       java.util.zip.ZipFile$Source::initCEN (658 bytes)
C2 CompilerThread1   6835 5292 % !   4       java.util.jar.Attributes::read @ 186 (390 bytes)

VM state:not at safepoint (normal execution)

VM Mutex/Monitor currently owned by a thread: None

Heap address: 0x0000000080000000, size: 2048 MB, Compressed Oops mode: 32-bit
Narrow klass base: 0x0000000000000000, Narrow klass shift: 3
Compressed class space size: 1073741824 Address: 0x0000000100000000

Heap:
 garbage-first heap   total 258048K, used 117350K [0x0000000080000000, 0x0000000100000000)
  region size 1024K, 95 young (97280K), 13 survivors (13312K)
 Metaspace       used 48212K, capacity 49451K, committed 49664K, reserved 1091584K
  class space    used 6150K, capacity 6607K, committed 6656K, reserved 1048576K
Heap Regions: E=young(eden), S=young(survivor), O=old, HS=humongous(starts), HC=humongous(continues), CS=collection set, F=free, A=archive, TAMS=top-at-mark-start (previous, next)
|   0|0x0000000080000000, 0x0000000080100000, 0x0000000080100000|100%| O|  |TAMS 0x0000000080100000, 0x0000000080000000| Untracked 
|   1|0x0000000080100000, 0x0000000080200000, 0x0000000080200000|100%| O|  |TAMS 0x0000000080200000, 0x0000000080100000| Untracked 
|   2|0x0000000080200000, 0x0000000080300000, 0x0000000080300000|100%| O|  |TAMS 0x0000000080300000, 0x0000000080200000| Untracked 
|   3|0x0000000080300000, 0x0000000080400000, 0x0000000080400000|100%|HS|  |TAMS 0x0000000080400000, 0x0000000080300000| Complete 
|   4|0x0000000080400000, 0x0000000080500000, 0x0000000080500000|100%|HC|  |TAMS 0x0000000080500000, 0x0000000080400000| Complete 
|   5|0x0000000080500000, 0x0000000080600000, 0x0000000080600000|100%|HC|  |TAMS 0x0000000080600000, 0x0000000080500000| Complete 
|   6|0x0000000080600000, 0x0000000080700000, 0x0000000080700000|100%| O|  |TAMS 0x0000000080700000, 0x0000000080600000| Untracked 
|   7|0x0000000080700000, 0x0000000080800000, 0x0000000080800000|100%| O|  |TAMS 0x0000000080800000, 0x0000000080700000| Untracked 
|   8|0x0000000080800000, 0x0000000080900000, 0x0000000080900000|100%| O|  |TAMS 0x0000000080900000, 0x0000000080800000| Untracked 
|   9|0x0000000080900000, 0x0000000080a00000, 0x0000000080a00000|100%| O|  |TAMS 0x0000000080a00000, 0x0000000080900000| Untracked 
|  10|0x0000000080a00000, 0x0000000080b00000, 0x0000000080b00000|100%| O|  |TAMS 0x0000000080b00000, 0x0000000080a00000| Untracked 
|  11|0x0000000080b00000, 0x0000000080c00000, 0x0000000080c00000|100%| O|  |TAMS 0x0000000080c00000, 0x0000000080b00000| Untracked 
|  12|0x0000000080c00000, 0x0000000080d00000, 0x0000000080d00000|100%| O|  |TAMS 0x0000000080d00000, 0x0000000080c00000| Untracked 
|  13|0x0000000080d00000, 0x0000000080e00000, 0x0000000080e00000|100%| O|  |TAMS 0x0000000080e00000, 0x0000000080d00000| Untracked 
|  14|0x0000000080e00000, 0x0000000080f00000, 0x0000000080f00000|100%| O|  |TAMS 0x0000000080f00000, 0x0000000080e00000| Untracked 
|  15|0x0000000080f00000, 0x0000000080fe8e00, 0x0000000081000000| 90%| O|  |TAMS 0x0000000080fe8e00, 0x0000000080f00000| Untracked 
|  16|0x0000000081000000, 0x0000000081100000, 0x0000000081100000|100%|HS|  |TAMS 0x0000000081000000, 0x0000000081000000| Complete 
|  17|0x0000000081100000, 0x0000000081200000, 0x0000000081200000|100%|HS|  |TAMS 0x0000000081100000, 0x0000000081100000| Complete 
|  18|0x0000000081200000, 0x0000000081300000, 0x0000000081300000|100%|HS|  |TAMS 0x0000000081200000, 0x0000000081200000| Complete 
|  19|0x0000000081300000, 0x0000000081400000, 0x0000000081400000|100%|HS|  |TAMS 0x0000000081300000, 0x0000000081300000| Complete 
|  20|0x0000000081400000, 0x0000000081500000, 0x0000000081500000|100%|HC|  |TAMS 0x0000000081400000, 0x0000000081400000| Complete 
|  21|0x0000000081500000, 0x0000000081500000, 0x0000000081600000|  0%| F|  |TAMS 0x0000000081500000, 0x0000000081500000| Untracked 
|  22|0x0000000081600000, 0x0000000081600000, 0x0000000081700000|  0%| F|  |TAMS 0x0000000081600000, 0x0000000081600000| Untracked 
|  23|0x0000000081700000, 0x0000000081700000, 0x0000000081800000|  0%| F|  |TAMS 0x0000000081700000, 0x0000000081700000| Untracked 
|  24|0x0000000081800000, 0x0000000081800000, 0x0000000081900000|  0%| F|  |TAMS 0x0000000081800000, 0x0000000081800000| Untracked 
|  25|0x0000000081900000, 0x0000000081900000, 0x0000000081a00000|  0%| F|  |TAMS 0x0000000081900000, 0x0000000081900000| Untracked 
|  26|0x0000000081a00000, 0x0000000081a00000, 0x0000000081b00000|  0%| F|  |TAMS 0x0000000081a00000, 0x0000000081a00000| Untracked 
|  27|0x0000000081b00000, 0x0000000081b00000, 0x0000000081c00000|  0%| F|  |TAMS 0x0000000081b00000, 0x0000000081b00000| Untracked 
|  28|0x0000000081c00000, 0x0000000081c00000, 0x0000000081d00000|  0%| F|  |TAMS 0x0000000081c00000, 0x0000000081c00000| Untracked 
|  29|0x0000000081d00000, 0x0000000081d00000, 0x0000000081e00000|  0%| F|  |TAMS 0x0000000081d00000, 0x0000000081d00000| Untracked 
|  30|0x0000000081e00000, 0x0000000081e00000, 0x0000000081f00000|  0%| F|  |TAMS 0x0000000081e00000, 0x0000000081e00000| Untracked 
|  31|0x0000000081f00000, 0x0000000081f00000, 0x0000000082000000|  0%| F|  |TAMS 0x0000000081f00000, 0x0000000081f00000| Untracked 
|  32|0x0000000082000000, 0x0000000082000000, 0x0000000082100000|  0%| F|  |TAMS 0x0000000082000000, 0x0000000082000000| Untracked 
|  33|0x0000000082100000, 0x0000000082100000, 0x0000000082200000|  0%| F|  |TAMS 0x0000000082100000, 0x0000000082100000| Untracked 
|  34|0x0000000082200000, 0x0000000082200000, 0x0000000082300000|  0%| F|  |TAMS 0x0000000082200000, 0x0000000082200000| Untracked 
|  35|0x0000000082300000, 0x0000000082300000, 0x0000000082400000|  0%| F|  |TAMS 0x0000000082300000, 0x0000000082300000| Untracked 
|  36|0x0000000082400000, 0x0000000082400000, 0x0000000082500000|  0%| F|  |TAMS 0x0000000082400000, 0x0000000082400000| Untracked 
|  37|0x0000000082500000, 0x0000000082500000, 0x0000000082600000|  0%| F|  |TAMS 0x0000000082500000, 0x0000000082500000| Untracked 
|  38|0x0000000082600000, 0x0000000082600000, 0x0000000082700000|  0%| F|  |TAMS 0x0000000082600000, 0x0000000082600000| Untracked 
|  39|0x0000000082700000, 0x0000000082700000, 0x0000000082800000|  0%| F|  |TAMS 0x0000000082700000, 0x0000000082700000| Untracked 
|  40|0x0000000082800000, 0x0000000082800000, 0x0000000082900000|  0%| F|  |TAMS 0x0000000082800000, 0x0000000082800000| Untracked 
|  41|0x0000000082900000, 0x0000000082900000, 0x0000000082a00000|  0%| F|  |TAMS 0x0000000082900000, 0x0000000082900000| Untracked 
|  42|0x0000000082a00000, 0x0000000082a00000, 0x0000000082b00000|  0%| F|  |TAMS 0x0000000082a00000, 0x0000000082a00000| Untracked 
|  43|0x0000000082b00000, 0x0000000082b00000, 0x0000000082c00000|  0%| F|  |TAMS 0x0000000082b00000, 0x0000000082b00000| Untracked 
|  44|0x0000000082c00000, 0x0000000082c00000, 0x0000000082d00000|  0%| F|  |TAMS 0x0000000082c00000, 0x0000000082c00000| Untracked 
|  45|0x0000000082d00000, 0x0000000082d00000, 0x0000000082e00000|  0%| F|  |TAMS 0x0000000082d00000, 0x0000000082d00000| Untracked 
|  46|0x0000000082e00000, 0x0000000082e00000, 0x0000000082f00000|  0%| F|  |TAMS 0x0000000082e00000, 0x0000000082e00000| Untracked 
|  47|0x0000000082f00000, 0x0000000082f00000, 0x0000000083000000|  0%| F|  |TAMS 0x0000000082f00000, 0x0000000082f00000| Untracked 
|  48|0x0000000083000000, 0x0000000083000000, 0x0000000083100000|  0%| F|  |TAMS 0x0000000083000000, 0x0000000083000000| Untracked 
|  49|0x0000000083100000, 0x0000000083100000, 0x0000000083200000|  0%| F|  |TAMS 0x0000000083100000, 0x0000000083100000| Untracked 
|  50|0x0000000083200000, 0x0000000083200000, 0x0000000083300000|  0%| F|  |TAMS 0x0000000083200000, 0x0000000083200000| Untracked 
|  51|0x0000000083300000, 0x0000000083300000, 0x0000000083400000|  0%| F|  |TAMS 0x0000000083300000, 0x0000000083300000| Untracked 
|  52|0x0000000083400000, 0x0000000083400000, 0x0000000083500000|  0%| F|  |TAMS 0x0000000083400000, 0x0000000083400000| Untracked 
|  53|0x0000000083500000, 0x0000000083500000, 0x0000000083600000|  0%| F|  |TAMS 0x0000000083500000, 0x0000000083500000| Untracked 
|  54|0x0000000083600000, 0x0000000083600000, 0x0000000083700000|  0%| F|  |TAMS 0x0000000083600000, 0x0000000083600000| Untracked 
|  55|0x0000000083700000, 0x0000000083700000, 0x0000000083800000|  0%| F|  |TAMS 0x0000000083700000, 0x0000000083700000| Untracked 
|  56|0x0000000083800000, 0x0000000083800000, 0x0000000083900000|  0%| F|  |TAMS 0x0000000083800000, 0x0000000083800000| Untracked 
|  57|0x0000000083900000, 0x0000000083900000, 0x0000000083a00000|  0%| F|  |TAMS 0x0000000083900000, 0x0000000083900000| Untracked 
|  58|0x0000000083a00000, 0x0000000083a00000, 0x0000000083b00000|  0%| F|  |TAMS 0x0000000083a00000, 0x0000000083a00000| Untracked 
|  59|0x0000000083b00000, 0x0000000083b00000, 0x0000000083c00000|  0%| F|  |TAMS 0x0000000083b00000, 0x0000000083b00000| Untracked 
|  60|0x0000000083c00000, 0x0000000083c00000, 0x0000000083d00000|  0%| F|  |TAMS 0x0000000083c00000, 0x0000000083c00000| Untracked 
|  61|0x0000000083d00000, 0x0000000083d00000, 0x0000000083e00000|  0%| F|  |TAMS 0x0000000083d00000, 0x0000000083d00000| Untracked 
|  62|0x0000000083e00000, 0x0000000083e00000, 0x0000000083f00000|  0%| F|  |TAMS 0x0000000083e00000, 0x0000000083e00000| Untracked 
|  63|0x0000000083f00000, 0x0000000083f00000, 0x0000000084000000|  0%| F|  |TAMS 0x0000000083f00000, 0x0000000083f00000| Untracked 
|  64|0x0000000084000000, 0x0000000084000000, 0x0000000084100000|  0%| F|  |TAMS 0x0000000084000000, 0x0000000084000000| Untracked 
|  65|0x0000000084100000, 0x0000000084100000, 0x0000000084200000|  0%| F|  |TAMS 0x0000000084100000, 0x0000000084100000| Untracked 
|  66|0x0000000084200000, 0x0000000084200000, 0x0000000084300000|  0%| F|  |TAMS 0x0000000084200000, 0x0000000084200000| Untracked 
|  67|0x0000000084300000, 0x0000000084300000, 0x0000000084400000|  0%| F|  |TAMS 0x0000000084300000, 0x0000000084300000| Untracked 
|  68|0x0000000084400000, 0x0000000084400000, 0x0000000084500000|  0%| F|  |TAMS 0x0000000084400000, 0x0000000084400000| Untracked 
|  69|0x0000000084500000, 0x0000000084500000, 0x0000000084600000|  0%| F|  |TAMS 0x0000000084500000, 0x0000000084500000| Untracked 
|  70|0x0000000084600000, 0x0000000084600000, 0x0000000084700000|  0%| F|  |TAMS 0x0000000084600000, 0x0000000084600000| Untracked 
|  71|0x0000000084700000, 0x0000000084700000, 0x0000000084800000|  0%| F|  |TAMS 0x0000000084700000, 0x0000000084700000| Untracked 
|  72|0x0000000084800000, 0x0000000084800000, 0x0000000084900000|  0%| F|  |TAMS 0x0000000084800000, 0x0000000084800000| Untracked 
|  73|0x0000000084900000, 0x0000000084900000, 0x0000000084a00000|  0%| F|  |TAMS 0x0000000084900000, 0x0000000084900000| Untracked 
|  74|0x0000000084a00000, 0x0000000084a00000, 0x0000000084b00000|  0%| F|  |TAMS 0x0000000084a00000, 0x0000000084a00000| Untracked 
|  75|0x0000000084b00000, 0x0000000084b00000, 0x0000000084c00000|  0%| F|  |TAMS 0x0000000084b00000, 0x0000000084b00000| Untracked 
|  76|0x0000000084c00000, 0x0000000084c00000, 0x0000000084d00000|  0%| F|  |TAMS 0x0000000084c00000, 0x0000000084c00000| Untracked 
|  77|0x0000000084d00000, 0x0000000084d00000, 0x0000000084e00000|  0%| F|  |TAMS 0x0000000084d00000, 0x0000000084d00000| Untracked 
|  78|0x0000000084e00000, 0x0000000084e00000, 0x0000000084f00000|  0%| F|  |TAMS 0x0000000084e00000, 0x0000000084e00000| Untracked 
|  79|0x0000000084f00000, 0x0000000084f00000, 0x0000000085000000|  0%| F|  |TAMS 0x0000000084f00000, 0x0000000084f00000| Untracked 
|  80|0x0000000085000000, 0x0000000085000000, 0x0000000085100000|  0%| F|  |TAMS 0x0000000085000000, 0x0000000085000000| Untracked 
|  81|0x0000000085100000, 0x0000000085100000, 0x0000000085200000|  0%| F|  |TAMS 0x0000000085100000, 0x0000000085100000| Untracked 
|  82|0x0000000085200000, 0x0000000085200000, 0x0000000085300000|  0%| F|  |TAMS 0x0000000085200000, 0x0000000085200000| Untracked 
|  83|0x0000000085300000, 0x0000000085300000, 0x0000000085400000|  0%| F|  |TAMS 0x0000000085300000, 0x0000000085300000| Untracked 
|  84|0x0000000085400000, 0x0000000085400000, 0x0000000085500000|  0%| F|  |TAMS 0x0000000085400000, 0x0000000085400000| Untracked 
|  85|0x0000000085500000, 0x0000000085500000, 0x0000000085600000|  0%| F|  |TAMS 0x0000000085500000, 0x0000000085500000| Untracked 
|  86|0x0000000085600000, 0x0000000085600000, 0x0000000085700000|  0%| F|  |TAMS 0x0000000085600000, 0x0000000085600000| Untracked 
|  87|0x0000000085700000, 0x0000000085700000, 0x0000000085800000|  0%| F|  |TAMS 0x0000000085700000, 0x0000000085700000| Untracked 
|  88|0x0000000085800000, 0x0000000085800000, 0x0000000085900000|  0%| F|  |TAMS 0x0000000085800000, 0x0000000085800000| Untracked 
|  89|0x0000000085900000, 0x0000000085900000, 0x0000000085a00000|  0%| F|  |TAMS 0x0000000085900000, 0x0000000085900000| Untracked 
|  90|0x0000000085a00000, 0x0000000085a00000, 0x0000000085b00000|  0%| F|  |TAMS 0x0000000085a00000, 0x0000000085a00000| Untracked 
|  91|0x0000000085b00000, 0x0000000085b00000, 0x0000000085c00000|  0%| F|  |TAMS 0x0000000085b00000, 0x0000000085b00000| Untracked 
|  92|0x0000000085c00000, 0x0000000085c00000, 0x0000000085d00000|  0%| F|  |TAMS 0x0000000085c00000, 0x0000000085c00000| Untracked 
|  93|0x0000000085d00000, 0x0000000085d00000, 0x0000000085e00000|  0%| F|  |TAMS 0x0000000085d00000, 0x0000000085d00000| Untracked 
|  94|0x0000000085e00000, 0x0000000085e00000, 0x0000000085f00000|  0%| F|  |TAMS 0x0000000085e00000, 0x0000000085e00000| Untracked 
|  95|0x0000000085f00000, 0x0000000085f00000, 0x0000000086000000|  0%| F|  |TAMS 0x0000000085f00000, 0x0000000085f00000| Untracked 
|  96|0x0000000086000000, 0x0000000086000000, 0x0000000086100000|  0%| F|  |TAMS 0x0000000086000000, 0x0000000086000000| Untracked 
|  97|0x0000000086100000, 0x0000000086100000, 0x0000000086200000|  0%| F|  |TAMS 0x0000000086100000, 0x0000000086100000| Untracked 
|  98|0x0000000086200000, 0x0000000086200000, 0x0000000086300000|  0%| F|  |TAMS 0x0000000086200000, 0x0000000086200000| Untracked 
|  99|0x0000000086300000, 0x0000000086300000, 0x0000000086400000|  0%| F|  |TAMS 0x0000000086300000, 0x0000000086300000| Untracked 
| 100|0x0000000086400000, 0x0000000086400000, 0x0000000086500000|  0%| F|  |TAMS 0x0000000086400000, 0x0000000086400000| Untracked 
| 101|0x0000000086500000, 0x0000000086500000, 0x0000000086600000|  0%| F|  |TAMS 0x0000000086500000, 0x0000000086500000| Untracked 
| 102|0x0000000086600000, 0x0000000086600000, 0x0000000086700000|  0%| F|  |TAMS 0x0000000086600000, 0x0000000086600000| Untracked 
| 103|0x0000000086700000, 0x0000000086700000, 0x0000000086800000|  0%| F|  |TAMS 0x0000000086700000, 0x0000000086700000| Untracked 
| 104|0x0000000086800000, 0x0000000086800000, 0x0000000086900000|  0%| F|  |TAMS 0x0000000086800000, 0x0000000086800000| Untracked 
| 105|0x0000000086900000, 0x0000000086900000, 0x0000000086a00000|  0%| F|  |TAMS 0x0000000086900000, 0x0000000086900000| Untracked 
| 106|0x0000000086a00000, 0x0000000086a00000, 0x0000000086b00000|  0%| F|  |TAMS 0x0000000086a00000, 0x0000000086a00000| Untracked 
| 107|0x0000000086b00000, 0x0000000086b00000, 0x0000000086c00000|  0%| F|  |TAMS 0x0000000086b00000, 0x0000000086b00000| Untracked 
| 108|0x0000000086c00000, 0x0000000086c00000, 0x0000000086d00000|  0%| F|  |TAMS 0x0000000086c00000, 0x0000000086c00000| Untracked 
| 109|0x0000000086d00000, 0x0000000086d00000, 0x0000000086e00000|  0%| F|  |TAMS 0x0000000086d00000, 0x0000000086d00000| Untracked 
| 110|0x0000000086e00000, 0x0000000086e00000, 0x0000000086f00000|  0%| F|  |TAMS 0x0000000086e00000, 0x0000000086e00000| Untracked 
| 111|0x0000000086f00000, 0x0000000086f00000, 0x0000000087000000|  0%| F|  |TAMS 0x0000000086f00000, 0x0000000086f00000| Untracked 
| 112|0x0000000087000000, 0x0000000087000000, 0x0000000087100000|  0%| F|  |TAMS 0x0000000087000000, 0x0000000087000000| Untracked 
| 113|0x0000000087100000, 0x0000000087100000, 0x0000000087200000|  0%| F|  |TAMS 0x0000000087100000, 0x0000000087100000| Untracked 
| 114|0x0000000087200000, 0x0000000087200000, 0x0000000087300000|  0%| F|  |TAMS 0x0000000087200000, 0x0000000087200000| Untracked 
| 115|0x0000000087300000, 0x0000000087300000, 0x0000000087400000|  0%| F|  |TAMS 0x0000000087300000, 0x0000000087300000| Untracked 
| 116|0x0000000087400000, 0x00000000874b0c68, 0x0000000087500000| 69%| S|CS|TAMS 0x0000000087400000, 0x0000000087400000| Complete 
| 117|0x0000000087500000, 0x0000000087600000, 0x0000000087600000|100%| S|CS|TAMS 0x0000000087500000, 0x0000000087500000| Complete 
| 118|0x0000000087600000, 0x0000000087700000, 0x0000000087700000|100%| S|CS|TAMS 0x0000000087600000, 0x0000000087600000| Complete 
| 119|0x0000000087700000, 0x0000000087800000, 0x0000000087800000|100%| S|CS|TAMS 0x0000000087700000, 0x0000000087700000| Complete 
| 120|0x0000000087800000, 0x0000000087900000, 0x0000000087900000|100%| S|CS|TAMS 0x0000000087800000, 0x0000000087800000| Complete 
| 121|0x0000000087900000, 0x0000000087a00000, 0x0000000087a00000|100%| S|CS|TAMS 0x0000000087900000, 0x0000000087900000| Complete 
| 122|0x0000000087a00000, 0x0000000087b00000, 0x0000000087b00000|100%| S|CS|TAMS 0x0000000087a00000, 0x0000000087a00000| Complete 
| 123|0x0000000087b00000, 0x0000000087c00000, 0x0000000087c00000|100%| S|CS|TAMS 0x0000000087b00000, 0x0000000087b00000| Complete 
| 124|0x0000000087c00000, 0x0000000087d00000, 0x0000000087d00000|100%| S|CS|TAMS 0x0000000087c00000, 0x0000000087c00000| Complete 
| 125|0x0000000087d00000, 0x0000000087e00000, 0x0000000087e00000|100%| S|CS|TAMS 0x0000000087d00000, 0x0000000087d00000| Complete 
| 126|0x0000000087e00000, 0x0000000087f00000, 0x0000000087f00000|100%| S|CS|TAMS 0x0000000087e00000, 0x0000000087e00000| Complete 
| 127|0x0000000087f00000, 0x0000000088000000, 0x0000000088000000|100%| S|CS|TAMS 0x0000000087f00000, 0x0000000087f00000| Complete 
| 128|0x0000000088000000, 0x0000000088100000, 0x0000000088100000|100%| S|CS|TAMS 0x0000000088000000, 0x0000000088000000| Complete 
| 129|0x0000000088100000, 0x0000000088100000, 0x0000000088200000|  0%| F|  |TAMS 0x0000000088100000, 0x0000000088100000| Untracked 
| 130|0x0000000088200000, 0x0000000088200000, 0x0000000088300000|  0%| F|  |TAMS 0x0000000088200000, 0x0000000088200000| Untracked 
| 131|0x0000000088300000, 0x0000000088300000, 0x0000000088400000|  0%| F|  |TAMS 0x0000000088300000, 0x0000000088300000| Untracked 
| 132|0x0000000088400000, 0x0000000088400000, 0x0000000088500000|  0%| F|  |TAMS 0x0000000088400000, 0x0000000088400000| Untracked 
| 133|0x0000000088500000, 0x0000000088500000, 0x0000000088600000|  0%| F|  |TAMS 0x0000000088500000, 0x0000000088500000| Untracked 
| 134|0x0000000088600000, 0x0000000088600000, 0x0000000088700000|  0%| F|  |TAMS 0x0000000088600000, 0x0000000088600000| Untracked 
| 135|0x0000000088700000, 0x0000000088700000, 0x0000000088800000|  0%| F|  |TAMS 0x0000000088700000, 0x0000000088700000| Untracked 
| 136|0x0000000088800000, 0x0000000088800000, 0x0000000088900000|  0%| F|  |TAMS 0x0000000088800000, 0x0000000088800000| Untracked 
| 137|0x0000000088900000, 0x0000000088900000, 0x0000000088a00000|  0%| F|  |TAMS 0x0000000088900000, 0x0000000088900000| Untracked 
| 138|0x0000000088a00000, 0x0000000088a00000, 0x0000000088b00000|  0%| F|  |TAMS 0x0000000088a00000, 0x0000000088a00000| Untracked 
| 139|0x0000000088b00000, 0x0000000088b00000, 0x0000000088c00000|  0%| F|  |TAMS 0x0000000088b00000, 0x0000000088b00000| Untracked 
| 140|0x0000000088c00000, 0x0000000088c00000, 0x0000000088d00000|  0%| F|  |TAMS 0x0000000088c00000, 0x0000000088c00000| Untracked 
| 141|0x0000000088d00000, 0x0000000088d00000, 0x0000000088e00000|  0%| F|  |TAMS 0x0000000088d00000, 0x0000000088d00000| Untracked 
| 142|0x0000000088e00000, 0x0000000088e00000, 0x0000000088f00000|  0%| F|  |TAMS 0x0000000088e00000, 0x0000000088e00000| Untracked 
| 143|0x0000000088f00000, 0x0000000088f00000, 0x0000000089000000|  0%| F|  |TAMS 0x0000000088f00000, 0x0000000088f00000| Untracked 
| 144|0x0000000089000000, 0x0000000089000000, 0x0000000089100000|  0%| F|  |TAMS 0x0000000089000000, 0x0000000089000000| Untracked 
| 145|0x0000000089100000, 0x0000000089100000, 0x0000000089200000|  0%| F|  |TAMS 0x0000000089100000, 0x0000000089100000| Untracked 
| 146|0x0000000089200000, 0x0000000089200000, 0x0000000089300000|  0%| F|  |TAMS 0x0000000089200000, 0x0000000089200000| Untracked 
| 147|0x0000000089300000, 0x0000000089300000, 0x0000000089400000|  0%| F|  |TAMS 0x0000000089300000, 0x0000000089300000| Untracked 
| 148|0x0000000089400000, 0x0000000089400000, 0x0000000089500000|  0%| F|  |TAMS 0x0000000089400000, 0x0000000089400000| Untracked 
| 149|0x0000000089500000, 0x0000000089500000, 0x0000000089600000|  0%| F|  |TAMS 0x0000000089500000, 0x0000000089500000| Untracked 
| 150|0x0000000089600000, 0x0000000089600000, 0x0000000089700000|  0%| F|  |TAMS 0x0000000089600000, 0x0000000089600000| Untracked 
| 151|0x0000000089700000, 0x0000000089700000, 0x0000000089800000|  0%| F|  |TAMS 0x0000000089700000, 0x0000000089700000| Untracked 
| 152|0x0000000089800000, 0x0000000089800000, 0x0000000089900000|  0%| F|  |TAMS 0x0000000089800000, 0x0000000089800000| Untracked 
| 153|0x0000000089900000, 0x0000000089900000, 0x0000000089a00000|  0%| F|  |TAMS 0x0000000089900000, 0x0000000089900000| Untracked 
| 154|0x0000000089a00000, 0x0000000089a00000, 0x0000000089b00000|  0%| F|  |TAMS 0x0000000089a00000, 0x0000000089a00000| Untracked 
| 155|0x0000000089b00000, 0x0000000089b00000, 0x0000000089c00000|  0%| F|  |TAMS 0x0000000089b00000, 0x0000000089b00000| Untracked 
| 156|0x0000000089c00000, 0x0000000089c00000, 0x0000000089d00000|  0%| F|  |TAMS 0x0000000089c00000, 0x0000000089c00000| Untracked 
| 157|0x0000000089d00000, 0x0000000089d00000, 0x0000000089e00000|  0%| F|  |TAMS 0x0000000089d00000, 0x0000000089d00000| Untracked 
| 158|0x0000000089e00000, 0x0000000089e00000, 0x0000000089f00000|  0%| F|  |TAMS 0x0000000089e00000, 0x0000000089e00000| Untracked 
| 159|0x0000000089f00000, 0x0000000089f00000, 0x000000008a000000|  0%| F|  |TAMS 0x0000000089f00000, 0x0000000089f00000| Untracked 
| 160|0x000000008a000000, 0x000000008a000000, 0x000000008a100000|  0%| F|  |TAMS 0x000000008a000000, 0x000000008a000000| Untracked 
| 161|0x000000008a100000, 0x000000008a100000, 0x000000008a200000|  0%| F|  |TAMS 0x000000008a100000, 0x000000008a100000| Untracked 
| 162|0x000000008a200000, 0x000000008a200000, 0x000000008a300000|  0%| F|  |TAMS 0x000000008a200000, 0x000000008a200000| Untracked 
| 163|0x000000008a300000, 0x000000008a300000, 0x000000008a400000|  0%| F|  |TAMS 0x000000008a300000, 0x000000008a300000| Untracked 
| 164|0x000000008a400000, 0x000000008a400000, 0x000000008a500000|  0%| F|  |TAMS 0x000000008a400000, 0x000000008a400000| Untracked 
| 165|0x000000008a500000, 0x000000008a500000, 0x000000008a600000|  0%| F|  |TAMS 0x000000008a500000, 0x000000008a500000| Untracked 
| 166|0x000000008a600000, 0x000000008a600000, 0x000000008a700000|  0%| F|  |TAMS 0x000000008a600000, 0x000000008a600000| Untracked 
| 167|0x000000008a700000, 0x000000008a700000, 0x000000008a800000|  0%| F|  |TAMS 0x000000008a700000, 0x000000008a700000| Untracked 
| 168|0x000000008a800000, 0x000000008a800000, 0x000000008a900000|  0%| F|  |TAMS 0x000000008a800000, 0x000000008a800000| Untracked 
| 169|0x000000008a900000, 0x000000008a900000, 0x000000008aa00000|  0%| F|  |TAMS 0x000000008a900000, 0x000000008a900000| Untracked 
| 170|0x000000008aa00000, 0x000000008ab00000, 0x000000008ab00000|100%| E|  |TAMS 0x000000008aa00000, 0x000000008aa00000| Complete 
| 171|0x000000008ab00000, 0x000000008ac00000, 0x000000008ac00000|100%| E|CS|TAMS 0x000000008ab00000, 0x000000008ab00000| Complete 
| 172|0x000000008ac00000, 0x000000008ad00000, 0x000000008ad00000|100%| E|CS|TAMS 0x000000008ac00000, 0x000000008ac00000| Complete 
| 173|0x000000008ad00000, 0x000000008ae00000, 0x000000008ae00000|100%| E|CS|TAMS 0x000000008ad00000, 0x000000008ad00000| Complete 
| 174|0x000000008ae00000, 0x000000008af00000, 0x000000008af00000|100%| E|CS|TAMS 0x000000008ae00000, 0x000000008ae00000| Complete 
| 175|0x000000008af00000, 0x000000008b000000, 0x000000008b000000|100%| E|CS|TAMS 0x000000008af00000, 0x000000008af00000| Complete 
| 176|0x000000008b000000, 0x000000008b100000, 0x000000008b100000|100%| E|CS|TAMS 0x000000008b000000, 0x000000008b000000| Complete 
| 177|0x000000008b100000, 0x000000008b200000, 0x000000008b200000|100%| E|CS|TAMS 0x000000008b100000, 0x000000008b100000| Complete 
| 178|0x000000008b200000, 0x000000008b300000, 0x000000008b300000|100%| E|CS|TAMS 0x000000008b200000, 0x000000008b200000| Complete 
| 179|0x000000008b300000, 0x000000008b400000, 0x000000008b400000|100%| E|CS|TAMS 0x000000008b300000, 0x000000008b300000| Complete 
| 180|0x000000008b400000, 0x000000008b500000, 0x000000008b500000|100%| E|CS|TAMS 0x000000008b400000, 0x000000008b400000| Complete 
| 181|0x000000008b500000, 0x000000008b600000, 0x000000008b600000|100%| E|CS|TAMS 0x000000008b500000, 0x000000008b500000| Complete 
| 182|0x000000008b600000, 0x000000008b700000, 0x000000008b700000|100%| E|CS|TAMS 0x000000008b600000, 0x000000008b600000| Complete 
| 183|0x000000008b700000, 0x000000008b800000, 0x000000008b800000|100%| E|CS|TAMS 0x000000008b700000, 0x000000008b700000| Complete 
| 184|0x000000008b800000, 0x000000008b900000, 0x000000008b900000|100%| E|CS|TAMS 0x000000008b800000, 0x000000008b800000| Complete 
| 185|0x000000008b900000, 0x000000008ba00000, 0x000000008ba00000|100%| E|CS|TAMS 0x000000008b900000, 0x000000008b900000| Complete 
| 186|0x000000008ba00000, 0x000000008bb00000, 0x000000008bb00000|100%| E|CS|TAMS 0x000000008ba00000, 0x000000008ba00000| Complete 
| 187|0x000000008bb00000, 0x000000008bc00000, 0x000000008bc00000|100%| E|CS|TAMS 0x000000008bb00000, 0x000000008bb00000| Complete 
| 188|0x000000008bc00000, 0x000000008bd00000, 0x000000008bd00000|100%| E|CS|TAMS 0x000000008bc00000, 0x000000008bc00000| Complete 
| 189|0x000000008bd00000, 0x000000008be00000, 0x000000008be00000|100%| E|CS|TAMS 0x000000008bd00000, 0x000000008bd00000| Complete 
| 190|0x000000008be00000, 0x000000008bf00000, 0x000000008bf00000|100%| E|CS|TAMS 0x000000008be00000, 0x000000008be00000| Complete 
| 191|0x000000008bf00000, 0x000000008c000000, 0x000000008c000000|100%| E|CS|TAMS 0x000000008bf00000, 0x000000008bf00000| Complete 
| 192|0x000000008c000000, 0x000000008c100000, 0x000000008c100000|100%| E|CS|TAMS 0x000000008c000000, 0x000000008c000000| Complete 
| 193|0x000000008c100000, 0x000000008c200000, 0x000000008c200000|100%| E|CS|TAMS 0x000000008c100000, 0x000000008c100000| Complete 
| 194|0x000000008c200000, 0x000000008c300000, 0x000000008c300000|100%| E|CS|TAMS 0x000000008c200000, 0x000000008c200000| Complete 
| 195|0x000000008c300000, 0x000000008c400000, 0x000000008c400000|100%| E|CS|TAMS 0x000000008c300000, 0x000000008c300000| Complete 
| 196|0x000000008c400000, 0x000000008c500000, 0x000000008c500000|100%| E|CS|TAMS 0x000000008c400000, 0x000000008c400000| Complete 
| 197|0x000000008c500000, 0x000000008c600000, 0x000000008c600000|100%| E|CS|TAMS 0x000000008c500000, 0x000000008c500000| Complete 
| 198|0x000000008c600000, 0x000000008c700000, 0x000000008c700000|100%| E|CS|TAMS 0x000000008c600000, 0x000000008c600000| Complete 
| 199|0x000000008c700000, 0x000000008c800000, 0x000000008c800000|100%| E|CS|TAMS 0x000000008c700000, 0x000000008c700000| Complete 
| 200|0x000000008c800000, 0x000000008c900000, 0x000000008c900000|100%| E|CS|TAMS 0x000000008c800000, 0x000000008c800000| Complete 
| 201|0x000000008c900000, 0x000000008ca00000, 0x000000008ca00000|100%| E|CS|TAMS 0x000000008c900000, 0x000000008c900000| Complete 
| 202|0x000000008ca00000, 0x000000008cb00000, 0x000000008cb00000|100%| E|CS|TAMS 0x000000008ca00000, 0x000000008ca00000| Complete 
| 203|0x000000008cb00000, 0x000000008cc00000, 0x000000008cc00000|100%| E|CS|TAMS 0x000000008cb00000, 0x000000008cb00000| Complete 
| 204|0x000000008cc00000, 0x000000008cd00000, 0x000000008cd00000|100%| E|CS|TAMS 0x000000008cc00000, 0x000000008cc00000| Complete 
| 205|0x000000008cd00000, 0x000000008ce00000, 0x000000008ce00000|100%| E|CS|TAMS 0x000000008cd00000, 0x000000008cd00000| Complete 
| 206|0x000000008ce00000, 0x000000008cf00000, 0x000000008cf00000|100%| E|CS|TAMS 0x000000008ce00000, 0x000000008ce00000| Complete 
| 207|0x000000008cf00000, 0x000000008d000000, 0x000000008d000000|100%| E|CS|TAMS 0x000000008cf00000, 0x000000008cf00000| Complete 
| 208|0x000000008d000000, 0x000000008d100000, 0x000000008d100000|100%| E|CS|TAMS 0x000000008d000000, 0x000000008d000000| Complete 
| 209|0x000000008d100000, 0x000000008d200000, 0x000000008d200000|100%| E|CS|TAMS 0x000000008d100000, 0x000000008d100000| Complete 
| 210|0x000000008d200000, 0x000000008d300000, 0x000000008d300000|100%| E|CS|TAMS 0x000000008d200000, 0x000000008d200000| Complete 
| 211|0x000000008d300000, 0x000000008d400000, 0x000000008d400000|100%| E|CS|TAMS 0x000000008d300000, 0x000000008d300000| Complete 
| 212|0x000000008d400000, 0x000000008d500000, 0x000000008d500000|100%| E|CS|TAMS 0x000000008d400000, 0x000000008d400000| Complete 
| 213|0x000000008d500000, 0x000000008d600000, 0x000000008d600000|100%| E|CS|TAMS 0x000000008d500000, 0x000000008d500000| Complete 
| 214|0x000000008d600000, 0x000000008d700000, 0x000000008d700000|100%| E|CS|TAMS 0x000000008d600000, 0x000000008d600000| Complete 
| 215|0x000000008d700000, 0x000000008d800000, 0x000000008d800000|100%| E|CS|TAMS 0x000000008d700000, 0x000000008d700000| Complete 
| 216|0x000000008d800000, 0x000000008d900000, 0x000000008d900000|100%| E|CS|TAMS 0x000000008d800000, 0x000000008d800000| Complete 
| 217|0x000000008d900000, 0x000000008da00000, 0x000000008da00000|100%| E|CS|TAMS 0x000000008d900000, 0x000000008d900000| Complete 
| 218|0x000000008da00000, 0x000000008db00000, 0x000000008db00000|100%| E|CS|TAMS 0x000000008da00000, 0x000000008da00000| Complete 
| 219|0x000000008db00000, 0x000000008dc00000, 0x000000008dc00000|100%| E|CS|TAMS 0x000000008db00000, 0x000000008db00000| Complete 
| 220|0x000000008dc00000, 0x000000008dd00000, 0x000000008dd00000|100%| E|CS|TAMS 0x000000008dc00000, 0x000000008dc00000| Complete 
| 221|0x000000008dd00000, 0x000000008de00000, 0x000000008de00000|100%| E|CS|TAMS 0x000000008dd00000, 0x000000008dd00000| Complete 
| 222|0x000000008de00000, 0x000000008df00000, 0x000000008df00000|100%| E|CS|TAMS 0x000000008de00000, 0x000000008de00000| Complete 
| 223|0x000000008df00000, 0x000000008e000000, 0x000000008e000000|100%| E|CS|TAMS 0x000000008df00000, 0x000000008df00000| Complete 
| 224|0x000000008e000000, 0x000000008e100000, 0x000000008e100000|100%| E|CS|TAMS 0x000000008e000000, 0x000000008e000000| Complete 
| 225|0x000000008e100000, 0x000000008e200000, 0x000000008e200000|100%| E|CS|TAMS 0x000000008e100000, 0x000000008e100000| Complete 
| 226|0x000000008e200000, 0x000000008e300000, 0x000000008e300000|100%| E|CS|TAMS 0x000000008e200000, 0x000000008e200000| Complete 
| 227|0x000000008e300000, 0x000000008e400000, 0x000000008e400000|100%| E|CS|TAMS 0x000000008e300000, 0x000000008e300000| Complete 
| 228|0x000000008e400000, 0x000000008e500000, 0x000000008e500000|100%| E|CS|TAMS 0x000000008e400000, 0x000000008e400000| Complete 
| 229|0x000000008e500000, 0x000000008e600000, 0x000000008e600000|100%| E|CS|TAMS 0x000000008e500000, 0x000000008e500000| Complete 
| 230|0x000000008e600000, 0x000000008e700000, 0x000000008e700000|100%| E|CS|TAMS 0x000000008e600000, 0x000000008e600000| Complete 
| 231|0x000000008e700000, 0x000000008e800000, 0x000000008e800000|100%| E|CS|TAMS 0x000000008e700000, 0x000000008e700000| Complete 
| 232|0x000000008e800000, 0x000000008e900000, 0x000000008e900000|100%| E|CS|TAMS 0x000000008e800000, 0x000000008e800000| Complete 
| 233|0x000000008e900000, 0x000000008ea00000, 0x000000008ea00000|100%| E|CS|TAMS 0x000000008e900000, 0x000000008e900000| Complete 
| 234|0x000000008ea00000, 0x000000008eb00000, 0x000000008eb00000|100%| E|CS|TAMS 0x000000008ea00000, 0x000000008ea00000| Complete 
| 235|0x000000008eb00000, 0x000000008ec00000, 0x000000008ec00000|100%| E|CS|TAMS 0x000000008eb00000, 0x000000008eb00000| Complete 
| 236|0x000000008ec00000, 0x000000008ed00000, 0x000000008ed00000|100%| E|CS|TAMS 0x000000008ec00000, 0x000000008ec00000| Complete 
| 237|0x000000008ed00000, 0x000000008ee00000, 0x000000008ee00000|100%| E|CS|TAMS 0x000000008ed00000, 0x000000008ed00000| Complete 
| 238|0x000000008ee00000, 0x000000008ef00000, 0x000000008ef00000|100%| E|CS|TAMS 0x000000008ee00000, 0x000000008ee00000| Complete 
| 239|0x000000008ef00000, 0x000000008f000000, 0x000000008f000000|100%| E|CS|TAMS 0x000000008ef00000, 0x000000008ef00000| Complete 
| 240|0x000000008f000000, 0x000000008f100000, 0x000000008f100000|100%| E|CS|TAMS 0x000000008f000000, 0x000000008f000000| Complete 
| 241|0x000000008f100000, 0x000000008f200000, 0x000000008f200000|100%| E|CS|TAMS 0x000000008f100000, 0x000000008f100000| Complete 
| 242|0x000000008f200000, 0x000000008f300000, 0x000000008f300000|100%| E|CS|TAMS 0x000000008f200000, 0x000000008f200000| Complete 
| 243|0x000000008f300000, 0x000000008f400000, 0x000000008f400000|100%| E|CS|TAMS 0x000000008f300000, 0x000000008f300000| Complete 
| 244|0x000000008f400000, 0x000000008f500000, 0x000000008f500000|100%| E|CS|TAMS 0x000000008f400000, 0x000000008f400000| Complete 
| 245|0x000000008f500000, 0x000000008f600000, 0x000000008f600000|100%| E|CS|TAMS 0x000000008f500000, 0x000000008f500000| Complete 
| 246|0x000000008f600000, 0x000000008f700000, 0x000000008f700000|100%| E|CS|TAMS 0x000000008f600000, 0x000000008f600000| Complete 
| 247|0x000000008f700000, 0x000000008f800000, 0x000000008f800000|100%| E|CS|TAMS 0x000000008f700000, 0x000000008f700000| Complete 
| 248|0x000000008f800000, 0x000000008f900000, 0x000000008f900000|100%| E|CS|TAMS 0x000000008f800000, 0x000000008f800000| Complete 
| 249|0x000000008f900000, 0x000000008fa00000, 0x000000008fa00000|100%| E|CS|TAMS 0x000000008f900000, 0x000000008f900000| Complete 
| 250|0x000000008fa00000, 0x000000008fb00000, 0x000000008fb00000|100%| E|CS|TAMS 0x000000008fa00000, 0x000000008fa00000| Complete 
| 251|0x000000008fb00000, 0x000000008fc00000, 0x000000008fc00000|100%| E|CS|TAMS 0x000000008fb00000, 0x000000008fb00000| Complete 

Card table byte_map: [0x0000021b54630000,0x0000021b54a30000] _byte_map_base: 0x0000021b54230000

Marking Bits (Prev, Next): (CMBitMap*) 0x0000021b41440818, (CMBitMap*) 0x0000021b41440850
 Prev Bits: [0x0000021b54e30000, 0x0000021b56e30000)
 Next Bits: [0x0000021b56e30000, 0x0000021b58e30000)

Polling page: 0x0000021b3f3b0000

Metaspace:

Usage:
  Non-class:     41.90 MB capacity,    41.09 MB ( 98%) used,   700.14 KB (  2%) free+waste,   127.81 KB ( <1%) overhead. 
      Class:      6.45 MB capacity,     6.01 MB ( 93%) used,   390.91 KB (  6%) free+waste,    61.00 KB ( <1%) overhead. 
       Both:     48.36 MB capacity,    47.11 MB ( 97%) used,     1.07 MB (  2%) free+waste,   188.81 KB ( <1%) overhead. 

Virtual space:
  Non-class space:       42.00 MB reserved,      42.00 MB (100%) committed 
      Class space:        1.00 GB reserved,       6.50 MB ( <1%) committed 
             Both:        1.04 GB reserved,      48.50 MB (  5%) committed 

Chunk freelists:
   Non-Class:  33.00 KB
       Class:  15.00 KB
        Both:  48.00 KB

MaxMetaspaceSize: 17179869184.00 GB
CompressedClassSpaceSize: 1.00 GB

CodeHeap 'non-profiled nmethods': size=120000Kb used=3053Kb max_used=3053Kb free=116946Kb
 bounds [0x0000021b4c9d0000, 0x0000021b4ccd0000, 0x0000021b53f00000]
CodeHeap 'profiled nmethods': size=120000Kb used=10617Kb max_used=10617Kb free=109382Kb
 bounds [0x0000021b454a0000, 0x0000021b45f00000, 0x0000021b4c9d0000]
CodeHeap 'non-nmethods': size=5760Kb used=2231Kb max_used=2285Kb free=3528Kb
 bounds [0x0000021b44f00000, 0x0000021b45170000, 0x0000021b454a0000]
 total_blobs=6077 nmethods=5289 adapters=699
 compilation: enabled
              stopped_count=0, restarted_count=0
 full_count=0

Compilation events (20 events):
Event: 6.739 Thread 0x0000021b5c152000 5286       3       jdk.internal.loader.URLClassPath$3::run (172 bytes)
Event: 6.741 Thread 0x0000021b5c152000 nmethod 5286 0x0000021b45ef6d90 code [0x0000021b45ef70c0, 0x0000021b45ef8208]
Event: 6.741 Thread 0x0000021b5c152000 5290       3       java.util.jar.JarFile::getManEntry (91 bytes)
Event: 6.742 Thread 0x0000021b5c152000 nmethod 5290 0x0000021b45ef8890 code [0x0000021b45ef8b60, 0x0000021b45ef9a98]
Event: 6.742 Thread 0x0000021b5c152000 5287       3       jdk.internal.loader.URLClassPath$JarLoader::<init> (67 bytes)
Event: 6.743 Thread 0x0000021b5c14d000 nmethod 5284% 0x0000021b4ccca490 code [0x0000021b4ccca640, 0x0000021b4cccaa18]
Event: 6.743 Thread 0x0000021b5c152000 nmethod 5287 0x0000021b45ef9f90 code [0x0000021b45efa260, 0x0000021b45efb038]
Event: 6.743 Thread 0x0000021b5c152000 5288       3       jdk.internal.loader.URLClassPath$Loader::<init> (10 bytes)
Event: 6.744 Thread 0x0000021b5c152000 nmethod 5288 0x0000021b45efb510 code [0x0000021b45efb6c0, 0x0000021b45efb878]
Event: 6.744 Thread 0x0000021b5c152000 5289       3       jdk.internal.loader.URLClassPath$JarLoader$1::run (5 bytes)
Event: 6.744 Thread 0x0000021b5c152000 nmethod 5289 0x0000021b45efb910 code [0x0000021b45efbac0, 0x0000021b45efbc08]
Event: 6.747 Thread 0x0000021b5c152000 5291       3       sun.net.util.IPAddressUtil::checkExternalForm (69 bytes)
Event: 6.747 Thread 0x0000021b5c152000 nmethod 5291 0x0000021b45efbc90 code [0x0000021b45efbf80, 0x0000021b45efcdb8]
Event: 6.773 Thread 0x0000021b5f608800 5292 % !   4       java.util.jar.Attributes::read @ 186 (390 bytes)
Event: 6.774 Thread 0x0000021b5c14d000 5293       4       java.util.jar.JarFile::match (132 bytes)
Event: 6.774 Thread 0x0000021b5c152000 5294       3       java.util.jar.JarFile::runtimeVersion (4 bytes)
Event: 6.775 Thread 0x0000021b5c152000 nmethod 5294 0x0000021b45efd310 code [0x0000021b45efd4c0, 0x0000021b45efd5b8]
Event: 6.775 Thread 0x0000021b5c152000 5295       3       jdk.internal.util.jar.JarIndex::getJarIndex (28 bytes)
Event: 6.776 Thread 0x0000021b5c152000 nmethod 5295 0x0000021b45efd610 code [0x0000021b45efd860, 0x0000021b45efe288]
Event: 6.779 Thread 0x0000021b5c14d000 nmethod 5293 0x0000021b4cccad10 code [0x0000021b4cccaec0, 0x0000021b4cccb1d8]

GC Heap History (10 events):
Event: 0.606 GC heap before
{Heap before GC invocations=0 (full 0):
 garbage-first heap   total 258048K, used 29696K [0x0000000080000000, 0x0000000100000000)
  region size 1024K, 24 young (24576K), 0 survivors (0K)
 Metaspace       used 9839K, capacity 10050K, committed 10112K, reserved 1058816K
  class space    used 1028K, capacity 1102K, committed 1152K, reserved 1048576K
}
Event: 0.610 GC heap after
{Heap after GC invocations=1 (full 0):
 garbage-first heap   total 258048K, used 9271K [0x0000000080000000, 0x0000000100000000)
  region size 1024K, 3 young (3072K), 3 survivors (3072K)
 Metaspace       used 9839K, capacity 10050K, committed 10112K, reserved 1058816K
  class space    used 1028K, capacity 1102K, committed 1152K, reserved 1048576K
}
Event: 2.161 GC heap before
{Heap before GC invocations=1 (full 0):
 garbage-first heap   total 258048K, used 107575K [0x0000000080000000, 0x0000000100000000)
  region size 1024K, 100 young (102400K), 3 survivors (3072K)
 Metaspace       used 20644K, capacity 21081K, committed 21248K, reserved 1067008K
  class space    used 2541K, capacity 2695K, committed 2816K, reserved 1048576K
}
Event: 2.172 GC heap after
{Heap after GC invocations=2 (full 0):
 garbage-first heap   total 258048K, used 16834K [0x0000000080000000, 0x0000000100000000)
  region size 1024K, 11 young (11264K), 11 survivors (11264K)
 Metaspace       used 20644K, capacity 21081K, committed 21248K, reserved 1067008K
  class space    used 2541K, capacity 2695K, committed 2816K, reserved 1048576K
}
Event: 2.826 GC heap before
{Heap before GC invocations=3 (full 0):
 garbage-first heap   total 258048K, used 62914K [0x0000000080000000, 0x0000000100000000)
  region size 1024K, 57 young (58368K), 11 survivors (11264K)
 Metaspace       used 25466K, capacity 25998K, committed 26112K, reserved 1071104K
  class space    used 3316K, capacity 3531K, committed 3584K, reserved 1048576K
}
Event: 2.834 GC heap after
{Heap after GC invocations=4 (full 0):
 garbage-first heap   total 258048K, used 18696K [0x0000000080000000, 0x0000000100000000)
  region size 1024K, 3 young (3072K), 3 survivors (3072K)
 Metaspace       used 25466K, capacity 25998K, committed 26112K, reserved 1071104K
  class space    used 3316K, capacity 3531K, committed 3584K, reserved 1048576K
}
Event: 3.970 GC heap before
{Heap before GC invocations=4 (full 0):
 garbage-first heap   total 258048K, used 85256K [0x0000000080000000, 0x0000000100000000)
  region size 1024K, 69 young (70656K), 3 survivors (3072K)
 Metaspace       used 34990K, capacity 35772K, committed 35840K, reserved 1081344K
  class space    used 4547K, capacity 4859K, committed 4864K, reserved 1048576K
}
Event: 3.977 GC heap after
{Heap after GC invocations=5 (full 0):
 garbage-first heap   total 258048K, used 22015K [0x0000000080000000, 0x0000000100000000)
  region size 1024K, 6 young (6144K), 6 survivors (6144K)
 Metaspace       used 34990K, capacity 35772K, committed 35840K, reserved 1081344K
  class space    used 4547K, capacity 4859K, committed 4864K, reserved 1048576K
}
Event: 5.225 GC heap before
{Heap before GC invocations=6 (full 0):
 garbage-first heap   total 258048K, used 144895K [0x0000000080000000, 0x0000000100000000)
  region size 1024K, 123 young (125952K), 6 survivors (6144K)
 Metaspace       used 44890K, capacity 46000K, committed 46208K, reserved 1089536K
  class space    used 5765K, capacity 6163K, committed 6272K, reserved 1048576K
}
Event: 5.236 GC heap after
{Heap after GC invocations=7 (full 0):
 garbage-first heap   total 258048K, used 29286K [0x0000000080000000, 0x0000000100000000)
  region size 1024K, 13 young (13312K), 13 survivors (13312K)
 Metaspace       used 44890K, capacity 46000K, committed 46208K, reserved 1089536K
  class space    used 5765K, capacity 6163K, committed 6272K, reserved 1048576K
}

Deoptimization events (20 events):
Event: 6.618 Thread 0x0000021b5f293000 DEOPT PACKING pc=0x0000021b45edd2aa sp=0x0000003d35af1ad0
Event: 6.618 Thread 0x0000021b5f293000 DEOPT UNPACKING pc=0x0000021b44f27c0e sp=0x0000003d35af10c0 mode 0
Event: 6.625 Thread 0x0000021b5f293000 DEOPT PACKING pc=0x0000021b4555fcda sp=0x0000003d35af1a90
Event: 6.625 Thread 0x0000021b5f293000 DEOPT UNPACKING pc=0x0000021b44f27c0e sp=0x0000003d35af0f18 mode 0
Event: 6.651 Thread 0x0000021b5f293000 DEOPT PACKING pc=0x0000021b45a6104c sp=0x0000003d35af18e0
Event: 6.651 Thread 0x0000021b5f293000 DEOPT UNPACKING pc=0x0000021b44f27c0e sp=0x0000003d35af0e80 mode 0
Event: 6.671 Thread 0x0000021b5f293000 DEOPT PACKING pc=0x0000021b45edd2aa sp=0x0000003d35af1a40
Event: 6.671 Thread 0x0000021b5f293000 DEOPT UNPACKING pc=0x0000021b44f27c0e sp=0x0000003d35af1018 mode 0
Event: 6.681 Thread 0x0000021b5f293000 Uncommon trap: trap_request=0xffffff4d fr.pc=0x0000021b4ca2edfc relative=0x00000000000012fc
Event: 6.681 Thread 0x0000021b5f293000 Uncommon trap: reason=unstable_if action=reinterpret pc=0x0000021b4ca2edfc method=java.util.jar.JarFile.checkForSpecialAttributes()V @ 53 c2
Event: 6.681 Thread 0x0000021b5f293000 DEOPT PACKING pc=0x0000021b4ca2edfc sp=0x0000003d35af2040
Event: 6.681 Thread 0x0000021b5f293000 DEOPT UNPACKING pc=0x0000021b44f083af sp=0x0000003d35af2000 mode 2
Event: 6.695 Thread 0x0000021b5f293000 DEOPT PACKING pc=0x0000021b45edd2aa sp=0x0000003d35af1a40
Event: 6.695 Thread 0x0000021b5f293000 DEOPT UNPACKING pc=0x0000021b44f27c0e sp=0x0000003d35af1018 mode 0
Event: 6.733 Thread 0x0000021b5f293000 DEOPT PACKING pc=0x0000021b45edd2aa sp=0x0000003d35af1a40
Event: 6.733 Thread 0x0000021b5f293000 DEOPT UNPACKING pc=0x0000021b44f27c0e sp=0x0000003d35af1018 mode 0
Event: 6.766 Thread 0x0000021b5f293000 DEOPT PACKING pc=0x0000021b45edd2aa sp=0x0000003d35af1960
Event: 6.766 Thread 0x0000021b5f293000 DEOPT UNPACKING pc=0x0000021b44f27c0e sp=0x0000003d35af0f38 mode 0
Event: 6.774 Thread 0x0000021b5f293000 DEOPT PACKING pc=0x0000021b4555d3ae sp=0x0000003d35af1ec0
Event: 6.774 Thread 0x0000021b5f293000 DEOPT UNPACKING pc=0x0000021b44f27c0e sp=0x0000003d35af1330 mode 0

Classes redefined (0 events):
No events

Internal exceptions (20 events):
Event: 6.683 Thread 0x0000021b5f293000 Exception <a 'java/security/PrivilegedActionException'{0x000000008afc6338}> (0x000000008afc6338) thrown at [./src/hotspot/share/prims/jvm.cpp, line 1306]
Event: 6.683 Thread 0x0000021b5f293000 Exception <a 'java/security/PrivilegedActionException'{0x000000008afc75f8}> (0x000000008afc75f8) thrown at [./src/hotspot/share/prims/jvm.cpp, line 1306]
Event: 6.683 Thread 0x0000021b5f293000 Exception <a 'java/security/PrivilegedActionException'{0x000000008afca278}> (0x000000008afca278) thrown at [./src/hotspot/share/prims/jvm.cpp, line 1306]
Event: 6.683 Thread 0x0000021b5f293000 Exception <a 'java/security/PrivilegedActionException'{0x000000008afcb538}> (0x000000008afcb538) thrown at [./src/hotspot/share/prims/jvm.cpp, line 1306]
Event: 6.683 Thread 0x0000021b5f293000 Exception <a 'java/security/PrivilegedActionException'{0x000000008afce1d0}> (0x000000008afce1d0) thrown at [./src/hotspot/share/prims/jvm.cpp, line 1306]
Event: 6.683 Thread 0x0000021b5f293000 Exception <a 'java/security/PrivilegedActionException'{0x000000008afcf490}> (0x000000008afcf490) thrown at [./src/hotspot/share/prims/jvm.cpp, line 1306]
Event: 6.683 Thread 0x0000021b5f293000 Exception <a 'java/security/PrivilegedActionException'{0x000000008afd20b8}> (0x000000008afd20b8) thrown at [./src/hotspot/share/prims/jvm.cpp, line 1306]
Event: 6.683 Thread 0x0000021b5f293000 Exception <a 'java/security/PrivilegedActionException'{0x000000008afd3378}> (0x000000008afd3378) thrown at [./src/hotspot/share/prims/jvm.cpp, line 1306]
Event: 6.708 Thread 0x0000021b5f293000 Exception <a 'java/security/PrivilegedActionException'{0x000000008ae6eb30}> (0x000000008ae6eb30) thrown at [./src/hotspot/share/prims/jvm.cpp, line 1306]
Event: 6.708 Thread 0x0000021b5f293000 Exception <a 'java/security/PrivilegedActionException'{0x000000008ae6fdf0}> (0x000000008ae6fdf0) thrown at [./src/hotspot/share/prims/jvm.cpp, line 1306]
Event: 6.708 Thread 0x0000021b5f293000 Exception <a 'java/security/PrivilegedActionException'{0x000000008ae72a18}> (0x000000008ae72a18) thrown at [./src/hotspot/share/prims/jvm.cpp, line 1306]
Event: 6.708 Thread 0x0000021b5f293000 Exception <a 'java/security/PrivilegedActionException'{0x000000008ae73cd8}> (0x000000008ae73cd8) thrown at [./src/hotspot/share/prims/jvm.cpp, line 1306]
Event: 6.708 Thread 0x0000021b5f293000 Exception <a 'java/security/PrivilegedActionException'{0x000000008ae769b8}> (0x000000008ae769b8) thrown at [./src/hotspot/share/prims/jvm.cpp, line 1306]
Event: 6.708 Thread 0x0000021b5f293000 Exception <a 'java/security/PrivilegedActionException'{0x000000008ae77c78}> (0x000000008ae77c78) thrown at [./src/hotspot/share/prims/jvm.cpp, line 1306]
Event: 6.708 Thread 0x0000021b5f293000 Exception <a 'java/security/PrivilegedActionException'{0x000000008ae7a8a8}> (0x000000008ae7a8a8) thrown at [./src/hotspot/share/prims/jvm.cpp, line 1306]
Event: 6.708 Thread 0x0000021b5f293000 Exception <a 'java/security/PrivilegedActionException'{0x000000008ae7bb68}> (0x000000008ae7bb68) thrown at [./src/hotspot/share/prims/jvm.cpp, line 1306]
Event: 6.708 Thread 0x0000021b5f293000 Exception <a 'java/security/PrivilegedActionException'{0x000000008ae7e7e8}> (0x000000008ae7e7e8) thrown at [./src/hotspot/share/prims/jvm.cpp, line 1306]
Event: 6.708 Thread 0x0000021b5f293000 Exception <a 'java/security/PrivilegedActionException'{0x000000008ae7faa8}> (0x000000008ae7faa8) thrown at [./src/hotspot/share/prims/jvm.cpp, line 1306]
Event: 6.708 Thread 0x0000021b5f293000 Exception <a 'java/security/PrivilegedActionException'{0x000000008ae829f0}> (0x000000008ae829f0) thrown at [./src/hotspot/share/prims/jvm.cpp, line 1306]
Event: 6.708 Thread 0x0000021b5f293000 Exception <a 'java/security/PrivilegedActionException'{0x000000008ae83cb0}> (0x000000008ae83cb0) thrown at [./src/hotspot/share/prims/jvm.cpp, line 1306]

Events (20 events):
Event: 6.586 loading class build_9ff841lyrx4r1873v2wx96k2nBeanInfo done
Event: 6.586 loading class build_9ff841lyrx4r1873v2wx96k2nCustomizer
Event: 6.586 loading class build_9ff841lyrx4r1873v2wx96k2nCustomizer done
Event: 6.587 loading class build_9ff841lyrx4r1873v2wx96k2nCustomizer
Event: 6.587 loading class build_9ff841lyrx4r1873v2wx96k2nCustomizer done
Event: 6.589 loading class org/gradle/api/tasks/Delete
Event: 6.589 loading class org/gradle/api/tasks/Delete done
Event: 6.589 loading class org/gradle/api/tasks/Delete
Event: 6.589 loading class org/gradle/api/tasks/Delete done
Event: 6.591 loading class groovy/runtime/metaclass/build_9ff841lyrx4r1873v2wx96k2n$_run_closure1MetaClass
Event: 6.591 loading class groovy/runtime/metaclass/build_9ff841lyrx4r1873v2wx96k2n$_run_closure1MetaClass done
Event: 6.592 loading class groovy/runtime/metaclass/org/gradle/api/internal/project/DefaultProject_DecoratedMetaClass
Event: 6.592 loading class groovy/runtime/metaclass/org/gradle/api/internal/project/DefaultProject_DecoratedMetaClass done
Event: 6.599 loading class org/gradle/api/internal/project/DefaultProject_DecoratedBeanInfo
Event: 6.599 loading class org/gradle/api/internal/project/DefaultProject_DecoratedBeanInfo done
Event: 6.600 loading class org/gradle/api/internal/project/DefaultProject_DecoratedBeanInfo
Event: 6.600 loading class org/gradle/api/internal/project/DefaultProject_DecoratedBeanInfo done
Event: 6.600 loading class org/gradle/api/internal/project/DefaultProject_DecoratedBeanInfo
Event: 6.600 loading class org/gradle/api/internal/project/DefaultProject_DecoratedBeanInfo done
Event: 6.669 Loaded shared library D:\Android Studio\jre\bin\nio.dll


Dynamic libraries:
0x00007ff65aaf0000 - 0x00007ff65aafa000 	D:\Android Studio\jre\bin\java.exe
0x00007ffa378f0000 - 0x00007ffa37ae5000 	C:\Windows\SYSTEM32\ntdll.dll
0x00007ffa35b20000 - 0x00007ffa35bde000 	C:\Windows\System32\KERNEL32.DLL
0x00007ffa35270000 - 0x00007ffa35538000 	C:\Windows\System32\KERNELBASE.dll
0x00007ffa35770000 - 0x00007ffa35870000 	C:\Windows\System32\ucrtbase.dll
0x00007ffa15b80000 - 0x00007ffa15b99000 	D:\Android Studio\jre\bin\jli.dll
0x00007ffa15b60000 - 0x00007ffa15b77000 	D:\Android Studio\jre\bin\VCRUNTIME140.dll
0x00007ffa37510000 - 0x00007ffa376b0000 	C:\Windows\System32\USER32.dll
0x00007ffa2e650000 - 0x00007ffa2e8ea000 	C:\Windows\WinSxS\amd64_microsoft.windows.common-controls_6595b64144ccf1df_6.0.19041.1110_none_60b5254171f9507e\COMCTL32.dll
0x00007ffa35740000 - 0x00007ffa35762000 	C:\Windows\System32\win32u.dll
0x00007ffa35950000 - 0x00007ffa359ee000 	C:\Windows\System32\msvcrt.dll
0x00007ffa37740000 - 0x00007ffa3776b000 	C:\Windows\System32\GDI32.dll
0x00007ffa35160000 - 0x00007ffa3526b000 	C:\Windows\System32\gdi32full.dll
0x00007ffa35540000 - 0x00007ffa355dd000 	C:\Windows\System32\msvcp_win.dll
0x00007ffa36760000 - 0x00007ffa36790000 	C:\Windows\System32\IMM32.DLL
0x00007ff9eaec0000 - 0x00007ff9eaf5d000 	D:\Android Studio\jre\bin\msvcp140.dll
0x00007ff9b0520000 - 0x00007ff9b0ff5000 	D:\Android Studio\jre\bin\server\jvm.dll
0x00007ffa36650000 - 0x00007ffa366fe000 	C:\Windows\System32\ADVAPI32.dll
0x00007ffa37110000 - 0x00007ffa371ac000 	C:\Windows\System32\sechost.dll
0x00007ffa36fe0000 - 0x00007ffa37105000 	C:\Windows\System32\RPCRT4.dll
0x00007ffa367a0000 - 0x00007ffa367a8000 	C:\Windows\System32\PSAPI.DLL
0x00007ffa30120000 - 0x00007ffa3012a000 	C:\Windows\SYSTEM32\VERSION.dll
0x00007ffa27010000 - 0x00007ffa27037000 	C:\Windows\SYSTEM32\WINMM.dll
0x00007ffa27160000 - 0x00007ffa27169000 	C:\Windows\SYSTEM32\WSOCK32.dll
0x00007ffa376d0000 - 0x00007ffa3773b000 	C:\Windows\System32\WS2_32.dll
0x00007ffa338b0000 - 0x00007ffa338c2000 	C:\Windows\SYSTEM32\kernel.appcore.dll
0x00007ffa17b20000 - 0x00007ffa17b31000 	D:\Android Studio\jre\bin\verify.dll
0x00007ffa32e20000 - 0x00007ffa33004000 	C:\Windows\SYSTEM32\DBGHELP.DLL
0x00007ffa2f990000 - 0x00007ffa2f9bc000 	C:\Windows\SYSTEM32\dbgcore.DLL
0x00007ffa358c0000 - 0x00007ffa35942000 	C:\Windows\System32\bcryptPrimitives.dll
0x00007ffa17a40000 - 0x00007ffa17a69000 	D:\Android Studio\jre\bin\java.dll
0x00007ffa28e20000 - 0x00007ffa28e2b000 	D:\Android Studio\jre\bin\jimage.dll
0x00007ffa16be0000 - 0x00007ffa16bf8000 	D:\Android Studio\jre\bin\zip.dll
0x00007ffa35d00000 - 0x00007ffa36444000 	C:\Windows\System32\SHELL32.dll
0x00007ffa33010000 - 0x00007ffa337a4000 	C:\Windows\SYSTEM32\windows.storage.dll
0x00007ffa371b0000 - 0x00007ffa37504000 	C:\Windows\System32\combase.dll
0x00007ffa349a0000 - 0x00007ffa349cc000 	C:\Windows\SYSTEM32\Wldp.dll
0x00007ffa37770000 - 0x00007ffa3781d000 	C:\Windows\System32\SHCORE.dll
0x00007ffa36700000 - 0x00007ffa36755000 	C:\Windows\System32\shlwapi.dll
0x00007ffa34f50000 - 0x00007ffa34f6f000 	C:\Windows\SYSTEM32\profapi.dll
0x00007ffa16ab0000 - 0x00007ffa16aca000 	D:\Android Studio\jre\bin\net.dll
0x00007ffa2dd50000 - 0x00007ffa2de59000 	C:\Windows\SYSTEM32\WINHTTP.dll
0x00007ffa34700000 - 0x00007ffa3476a000 	C:\Windows\system32\mswsock.dll
0x00007ffa16a90000 - 0x00007ffa16aa4000 	D:\Android Studio\jre\bin\nio.dll
0x00007ffa16c00000 - 0x00007ffa16c27000 	C:\Users\alexa\.gradle\native\e1d6ef7f7dcc3fd88c89a11ec53ec762bb8ba0a96d01ffa2cd45eb1d1d8dd5c5\windows-amd64\native-platform.dll
0x00007ff9e2730000 - 0x00007ff9e2874000 	C:\Users\alexa\.gradle\native\5664cfc778a61ccfe75a443a1ab52a65af34e5dc3c78e0209fed803814484fcb\windows-amd64\native-platform-file-events.dll
0x00007ffa17b10000 - 0x00007ffa17b1a000 	D:\Android Studio\jre\bin\management.dll
0x00007ffa16a80000 - 0x00007ffa16a8d000 	D:\Android Studio\jre\bin\management_ext.dll
0x00007ffa348f0000 - 0x00007ffa34908000 	C:\Windows\SYSTEM32\CRYPTSP.dll
0x00007ffa34080000 - 0x00007ffa340b4000 	C:\Windows\system32\rsaenh.dll
0x00007ffa35010000 - 0x00007ffa35037000 	C:\Windows\System32\bcrypt.dll
0x00007ffa34f10000 - 0x00007ffa34f3e000 	C:\Windows\SYSTEM32\USERENV.dll
0x00007ffa34910000 - 0x00007ffa3491c000 	C:\Windows\SYSTEM32\CRYPTBASE.dll
0x00007ffa343f0000 - 0x00007ffa3442b000 	C:\Windows\SYSTEM32\IPHLPAPI.DLL
0x00007ffa36790000 - 0x00007ffa36798000 	C:\Windows\System32\NSI.dll
0x00007ffa2f920000 - 0x00007ffa2f937000 	C:\Windows\SYSTEM32\dhcpcsvc6.DLL
0x00007ffa2f8c0000 - 0x00007ffa2f8dd000 	C:\Windows\SYSTEM32\dhcpcsvc.DLL
0x00007ffa34430000 - 0x00007ffa344fa000 	C:\Windows\SYSTEM32\DNSAPI.dll

dbghelp: loaded successfully - version: 4.0.5 - missing functions: none
symbol engine: initialized successfully - sym options: 0x614 - pdb path: .;D:\Android Studio\jre\bin;C:\Windows\SYSTEM32;C:\Windows\WinSxS\amd64_microsoft.windows.common-controls_6595b64144ccf1df_6.0.19041.1110_none_60b5254171f9507e;D:\Android Studio\jre\bin\server;C:\Users\alexa\.gradle\native\e1d6ef7f7dcc3fd88c89a11ec53ec762bb8ba0a96d01ffa2cd45eb1d1d8dd5c5\windows-amd64;C:\Users\alexa\.gradle\native\5664cfc778a61ccfe75a443a1ab52a65af34e5dc3c78e0209fed803814484fcb\windows-amd64

VM Arguments:
jvm_args: --add-opens=java.base/java.util=ALL-UNNAMED --add-opens=java.base/java.lang=ALL-UNNAMED --add-opens=java.base/java.lang.invoke=ALL-UNNAMED --add-opens=java.base/java.util=ALL-UNNAMED --add-opens=java.prefs/java.util.prefs=ALL-UNNAMED --add-opens=java.prefs/java.util.prefs=ALL-UNNAMED --add-opens=java.base/java.nio.charset=ALL-UNNAMED --add-opens=java.base/java.net=ALL-UNNAMED --add-opens=java.base/java.util.concurrent.atomic=ALL-UNNAMED -Xmx2048m -Dfile.encoding=UTF-8 -Duser.country=US -Duser.language=en -Duser.variant 
java_command: org.gradle.launcher.daemon.bootstrap.GradleDaemon 7.2
java_class_path (initial): C:\Users\alexa\.gradle\wrapper\dists\gradle-7.2-bin\2dnblmf4td7x66yl1d74lt32g\gradle-7.2\lib\gradle-launcher-7.2.jar
Launcher Type: SUN_STANDARD

[Global flags]
     intx CICompilerCount                          = 4                                         {product} {ergonomic}
     uint ConcGCThreads                            = 2                                         {product} {ergonomic}
     uint G1ConcRefinementThreads                  = 8                                         {product} {ergonomic}
   size_t G1HeapRegionSize                         = 1048576                                   {product} {ergonomic}
    uintx GCDrainStackTargetSize                   = 64                                        {product} {ergonomic}
   size_t InitialHeapSize                          = 264241152                                 {product} {ergonomic}
   size_t MarkStackSize                            = 4194304                                   {product} {ergonomic}
   size_t MaxHeapSize                              = 2147483648                                {product} {command line}
   size_t MaxNewSize                               = 1287651328                                {product} {ergonomic}
   size_t MinHeapDeltaBytes                        = 1048576                                   {product} {ergonomic}
    uintx NonNMethodCodeHeapSize                   = 5836300                                {pd product} {ergonomic}
    uintx NonProfiledCodeHeapSize                  = 122910970                              {pd product} {ergonomic}
    uintx ProfiledCodeHeapSize                     = 122910970                              {pd product} {ergonomic}
    uintx ReservedCodeCacheSize                    = 251658240                              {pd product} {ergonomic}
     bool SegmentedCodeCache                       = true                                      {product} {ergonomic}
     bool UseCompressedClassPointers               = true                                 {lp64_product} {ergonomic}
     bool UseCompressedOops                        = true                                 {lp64_product} {ergonomic}
     bool UseG1GC                                  = true                                      {product} {ergonomic}
     bool UseLargePagesIndividualAllocation        = false                                  {pd product} {ergonomic}

Logging:
Log output configuration:
 #0: stdout all=warning uptime,level,tags
 #1: stderr all=off uptime,level,tags

Environment Variables:
PATH=C:\Program Files\Common Files\Oracle\Java\javapath;D:\App\db_home\bin;D:\Python39\Scripts\;D:\Python39\;C:\Windows\system32;C:\Windows;C:\Windows\System32\Wbem;C:\Windows\System32\WindowsPowerShell\v1.0\;C:\Windows\System32\OpenSSH\;C:\Program Files\dotnet\;C:\Program Files\Microsoft SQL Server\130\Tools\Binn\;C:\Program Files\Microsoft SQL Server\Client SDK\ODBC\170\Tools\Binn\;C:\Program Files\Git\cmd;D:\MinGW\bin;D:\NodeJS\;C:\ProgramData\chocolatey\bin;C:\Program Files\Java\jdk-11.0.11\bin;C:\Users\alexa\AppData\Local\sfdx\client\7.120.0-92145be\bin;D:\Maven\apache-maven-3.8.4\bin;C:\Program Files\MySQL\MySQL Shell 8.0\bin\;C:\Users\alexa\AppData\Local\Microsoft\WindowsApps;D:\Microsoft VS Code\bin;C:\Users\alexa\.dotnet\tools;D:\CLion 2021.1.1\bin;;C:\Users\alexa\AppData\Roaming\npm;C:\Users\alexa\AppData\Roaming\cabal\bin;C:\tools\ghc-9.0.1\bin;C:\tools\msys64;C:\Program Files\sfdx\bin;D:\LaTex\miktex\bin\x64\;C:\Users\alexa\AppData\Local\GitHubDesktop\bin
USERNAME=alexa
OS=Windows_NT
PROCESSOR_IDENTIFIER=Intel64 Family 6 Model 126 Stepping 5, GenuineIntel



---------------  S Y S T E M  ---------------

OS: Windows 10 , 64 bit Build 19041 (10.0.19041.1566)
OS uptime: 0 days 22:56 hours

CPU:total 8 (initial active 8) (4 cores per cpu, 2 threads per core) family 6 model 126 stepping 5 microcode 0xa0, cmov, cx8, fxsr, mmx, sse, sse2, sse3, ssse3, sse4.1, sse4.2, popcnt, avx, avx2, aes, clmul, erms, 3dnowpref, lzcnt, ht, tsc, tscinvbit, bmi1, bmi2, adx, evex, sha, fma

Memory: 4k page, system-wide physical 16086M (28M free)
TotalPageFile size 41086M (AvailPageFile size 0M)
current process WorkingSet (physical memory assigned to process): 343M, peak: 343M
current process commit charge ("private bytes"): 479M, peak: 479M

vm_info: OpenJDK 64-Bit Server VM (11.0.11+9-b60-7590822) for windows-amd64 JRE (11.0.11+9-b60-7590822), built on Jul 29 2021 21:43:44 by "builder" with MS VC++ 14.0 (VS2015)

END.
